26-05-11 09:18:53 [main] INFO  c.e.c.ComplianceServiceApplication - Starting ComplianceServiceApplication using Java 21.0.2 with PID 2392 (C:\Users\2479791\Documents\Project\Backend\compliance-service\target\classes started by 2479791 in C:\Users\2479791\Documents\Project\Backend)
26-05-11 09:18:53 [main] DEBUG c.e.c.ComplianceServiceApplication - Running with Spring Boot v3.2.6, Spring v6.1.8
26-05-11 09:18:53 [main] INFO  c.e.c.ComplianceServiceApplication - No active profile set, falling back to 1 default profile: "default"
26-05-11 09:19:05 [main] DEBUG c.e.c.config.JwtFilter - Filter 'jwtFilter' configured for use
26-05-11 09:19:10 [main] INFO  c.e.c.ComplianceServiceApplication - Started ComplianceServiceApplication in 27.262 seconds (process running for 28.677)
26-05-11 13:18:24 [http-nio-8086-exec-9] ERROR c.e.c.exception.GlobalExceptional - Token in valid [409] during [POST] to [http://IDENTITY-SERVICE/compliance/identity/create-school-admin] [SchoolClient#createSchoolAdmin(String,UserDto)]: [{"success":false,"message":"Email already registered: Monukumar@gmail.com","data":null}]
26-05-11 13:20:00 [http-nio-8086-exec-1] ERROR c.e.c.exception.GlobalExceptional - Token in valid [409] during [POST] to [http://IDENTITY-SERVICE/compliance/identity/create-school-admin] [SchoolClient#createSchoolAdmin(String,UserDto)]: [{"success":false,"message":"Email already registered: Monukumar@gmail.com","data":null}]
26-05-11 13:20:48 [http-nio-8086-exec-7] ERROR c.e.c.exception.GlobalExceptional - Token in valid [409] during [POST] to [http://IDENTITY-SERVICE/compliance/identity/create-school-admin] [SchoolClient#createSchoolAdmin(String,UserDto)]: [{"success":false,"message":"Email already registered: Monukumar@gmail.com","data":null}]
26-05-11 13:22:29 [http-nio-8086-exec-5] ERROR c.e.c.exception.GlobalExceptional - Token in valid [409] during [POST] to [http://IDENTITY-SERVICE/compliance/identity/create-school-admin] [SchoolClient#createSchoolAdmin(String,UserDto)]: [{"success":false,"message":"Email already registered: Monukumar@gmail.com","data":null}]
26-05-11 13:23:27 [http-nio-8086-exec-3] ERROR c.e.c.exception.GlobalExceptional - Token in valid [409] during [POST] to [http://IDENTITY-SERVICE/compliance/identity/create-school-admin] [SchoolClient#createSchoolAdmin(String,UserDto)]: [{"success":false,"message":"Email already registered: Monukumar@gmail.com","data":null}]
26-05-11 13:30:20 [http-nio-8086-exec-8] ERROR c.e.c.exception.GlobalExceptional - Token in valid [409] during [POST] to [http://IDENTITY-SERVICE/compliance/identity/create-school-admin] [SchoolClient#createSchoolAdmin(String,UserDto)]: [{"success":false,"message":"Email already registered: Monukumar@gmail.com","data":null}]
26-05-11 13:32:05 [http-nio-8086-exec-9] ERROR c.e.c.exception.GlobalExceptional - Token in valid [409] during [POST] to [http://IDENTITY-SERVICE/compliance/identity/create-school-admin] [SchoolClient#createSchoolAdmin(String,UserDto)]: [{"success":false,"message":"Email already registered: Monukumar@gmail.com","data":null}]
26-05-11 13:32:43 [http-nio-8086-exec-10] ERROR c.e.c.exception.GlobalExceptional - Token in valid [409] during [POST] to [http://IDENTITY-SERVICE/compliance/identity/create-school-admin] [SchoolClient#createSchoolAdmin(String,UserDto)]: [{"success":false,"message":"Email already registered: Monukumar@gmail.com","data":null}]
26-05-11 13:32:51 [http-nio-8086-exec-1] ERROR c.e.c.exception.GlobalExceptional - Token in valid [409] during [POST] to [http://IDENTITY-SERVICE/compliance/identity/create-school-admin] [SchoolClient#createSchoolAdmin(String,UserDto)]: [{"success":false,"message":"Email already registered: Monukumar@gmail.com","data":null}]
26-05-11 13:40:15 [http-nio-8086-exec-4] ERROR c.e.c.exception.GlobalExceptional - Token in valid [409] during [POST] to [http://IDENTITY-SERVICE/compliance/identity/create-school-admin] [SchoolClient#createSchoolAdmin(String,UserDto)]: [{"success":false,"message":"Email already registered: Monukumar@gmail.com","data":null}]
26-05-11 13:42:03 [http-nio-8086-exec-3] ERROR c.e.c.exception.GlobalExceptional - Token in valid [409] during [POST] to [http://IDENTITY-SERVICE/compliance/identity/create-school-admin] [SchoolClient#createSchoolAdmin(String,UserDto)]: [{"success":false,"message":"Email already registered: Monukumar@gmail.com","data":null}]
26-05-11 13:43:31 [http-nio-8086-exec-8] ERROR c.e.c.exception.GlobalExceptional - Token in valid [409] during [POST] to [http://IDENTITY-SERVICE/compliance/identity/create-school-admin] [SchoolClient#createSchoolAdmin(String,UserDto)]: [{"success":false,"message":"Email already registered: Monukumar@gmail.com","data":null}]
26-05-11 13:43:34 [http-nio-8086-exec-2] ERROR c.e.c.exception.GlobalExceptional - Token in valid [409] during [POST] to [http://IDENTITY-SERVICE/compliance/identity/create-school-admin] [SchoolClient#createSchoolAdmin(String,UserDto)]: [{"success":false,"message":"Email already registered: Monukumar@gmail.com","data":null}]
26-05-11 13:43:46 [http-nio-8086-exec-9] ERROR c.e.c.exception.GlobalExceptional - Token in valid [409] during [POST] to [http://IDENTITY-SERVICE/compliance/identity/create-school-admin] [SchoolClient#createSchoolAdmin(String,UserDto)]: [{"success":false,"message":"Email already registered: Monukumar@gmail.com","data":null}]
26-05-11 13:44:11 [http-nio-8086-exec-10] ERROR c.e.c.exception.GlobalExceptional - Token in valid [409] during [POST] to [http://IDENTITY-SERVICE/compliance/identity/create-school-admin] [SchoolClient#createSchoolAdmin(String,UserDto)]: [{"success":false,"message":"Email already registered: Monukumar@gmail.com","data":null}]
26-05-11 15:26:23 [http-nio-8086-exec-4] ERROR c.e.c.exception.GlobalExceptional - Token in valid [409] during [POST] to [http://IDENTITY-SERVICE/compliance/identity/create-school-admin] [SchoolClient#createSchoolAdmin(String,UserDto)]: [{"success":false,"message":"Email already registered: Monukumar@gmail.com","data":null}]
26-05-11 15:28:10 [http-nio-8086-exec-6] ERROR c.e.c.exception.GlobalExceptional - Token in valid [409] during [POST] to [http://IDENTITY-SERVICE/compliance/identity/create-school-admin] [SchoolClient#createSchoolAdmin(String,UserDto)]: [{"success":false,"message":"Email already registered: Monukumar@gmail.com","data":null}]
26-05-11 15:29:54 [http-nio-8086-exec-2] ERROR c.e.c.exception.GlobalExceptional - Token in valid [409] during [POST] to [http://IDENTITY-SERVICE/compliance/identity/create-school-admin] [SchoolClient#createSchoolAdmin(String,UserDto)]: [{"success":false,"message":"Email already registered: Monukumar@gmail.com","data":null}]
26-05-11 15:31:43 [http-nio-8086-exec-7] ERROR c.e.c.exception.GlobalExceptional - Token in valid [409] during [POST] to [http://IDENTITY-SERVICE/compliance/identity/create-school-admin] [SchoolClient#createSchoolAdmin(String,UserDto)]: [{"success":false,"message":"Email already registered: Monukumar@gmail.com","data":null}]
26-05-11 15:32:20 [http-nio-8086-exec-9] ERROR c.e.c.exception.GlobalExceptional - Token in valid [409] during [POST] to [http://IDENTITY-SERVICE/compliance/identity/create-school-admin] [SchoolClient#createSchoolAdmin(String,UserDto)]: [{"success":false,"message":"Email already registered: Monukumar@gmail.com","data":null}]
26-05-11 15:38:12 [http-nio-8086-exec-4] ERROR c.e.c.exception.GlobalExceptional - Token in valid [409] during [POST] to [http://IDENTITY-SERVICE/compliance/identity/create-school-admin] [SchoolClient#createSchoolAdmin(String,UserDto)]: [{"success":false,"message":"Email already registered: Monukumar@gmail.com","data":null}]
26-05-11 16:09:02 [http-nio-8086-exec-4] ERROR c.e.c.exception.GlobalExceptional - Token in valid [409] during [POST] to [http://IDENTITY-SERVICE/compliance/identity/create-school-admin] [SchoolClient#createSchoolAdmin(String,UserDto)]: [{"success":false,"message":"Email already registered: Monukumar@gmail.com","data":null}]
26-05-11 22:38:28 [main] INFO  c.e.c.ComplianceServiceApplication - Starting ComplianceServiceApplication using Java 21.0.2 with PID 11024 (C:\Users\2479791\Documents\Project\Backend\compliance-service\target\classes started by 2479791 in C:\Users\2479791\Documents\Project\Backend)
26-05-11 22:38:28 [main] DEBUG c.e.c.ComplianceServiceApplication - Running with Spring Boot v3.2.6, Spring v6.1.8
26-05-11 22:38:28 [main] INFO  c.e.c.ComplianceServiceApplication - No active profile set, falling back to 1 default profile: "default"
26-05-11 22:38:41 [main] DEBUG c.e.c.config.JwtFilter - Filter 'jwtFilter' configured for use
26-05-11 22:38:49 [main] INFO  c.e.c.ComplianceServiceApplication - Started ComplianceServiceApplication in 23.678 seconds (process running for 25.49)
