2026-05-15T09:34:30.324+05:30  INFO 8224 --- [student-service] [main] c.e.s.StudentServiceApplication          : Starting StudentServiceApplication using Java 21.0.2 with PID 8224 (C:\Users\2479954\Documents\Backup\Edulink-Project\Backend\student-service\target\classes started by 2479954 in C:\Users\2479954\Documents\Backup\Edulink-Project)
2026-05-15T09:34:30.355+05:30 DEBUG 8224 --- [student-service] [main] c.e.s.StudentServiceApplication          : Running with Spring Boot v3.2.5, Spring v6.1.6
2026-05-15T09:34:30.356+05:30  INFO 8224 --- [student-service] [main] c.e.s.StudentServiceApplication          : No active profile set, falling back to 1 default profile: "default"
2026-05-15T09:34:32.759+05:30  WARN 8224 --- [student-service] [main] trationDelegate$BeanPostProcessorChecker : Bean 'org.springframework.cloud.client.loadbalancer.LoadBalancerAutoConfiguration$DeferringLoadBalancerInterceptorConfig' of type [org.springframework.cloud.client.loadbalancer.LoadBalancerAutoConfiguration$DeferringLoadBalancerInterceptorConfig] is not eligible for getting processed by all BeanPostProcessors (for example: not eligible for auto-proxying). The currently created BeanPostProcessor [lbRestClientPostProcessor] is declared through a non-static factory method on that class; consider declaring it as static instead.
2026-05-15T09:34:32.759+05:30  WARN 8224 --- [student-service] [main] trationDelegate$BeanPostProcessorChecker : Bean 'deferringLoadBalancerInterceptor' of type [org.springframework.cloud.client.loadbalancer.DeferringLoadBalancerInterceptor] is not eligible for getting processed by all BeanPostProcessors (for example: not eligible for auto-proxying). Is this bean getting eagerly injected into a currently created BeanPostProcessor [lbRestClientPostProcessor]? Check the corresponding BeanPostProcessor declaration and its dependencies.
2026-05-15T09:34:33.496+05:30 DEBUG 8224 --- [student-service] [main] c.e.s.security.JwtAuthFilter             : Filter 'jwtAuthFilter' configured for use
2026-05-15T09:34:35.055+05:30  WARN 8224 --- [student-service] [main] org.hibernate.orm.deprecation            : HHH90000025: MySQL8Dialect does not need to be specified explicitly using 'hibernate.dialect' (remove the property setting and it will be selected by default)
2026-05-15T09:34:35.060+05:30  WARN 8224 --- [student-service] [main] org.hibernate.orm.deprecation            : HHH90000026: MySQL8Dialect has been deprecated; use org.hibernate.dialect.MySQLDialect instead
2026-05-15T09:34:38.165+05:30  WARN 8224 --- [student-service] [main] JpaBaseConfiguration$JpaWebConfiguration : spring.jpa.open-in-view is enabled by default. Therefore, database queries may be performed during view rendering. Explicitly configure spring.jpa.open-in-view to disable this warning
2026-05-15T09:34:39.538+05:30  WARN 8224 --- [student-service] [main] .s.s.UserDetailsServiceAutoConfiguration : 

Using generated security password: 8d38d2e9-a84d-46d0-88ab-c17879120e78

This generated password is for development use only. Your security configuration must be updated before running your application in production.

2026-05-15T09:34:39.967+05:30  INFO 8224 --- [student-service] [main] o.s.s.web.DefaultSecurityFilterChain     : Will secure any request with [org.springframework.security.web.session.DisableEncodeUrlFilter@1285ec6, org.springframework.security.web.context.request.async.WebAsyncManagerIntegrationFilter@2abe5132, org.springframework.security.web.context.SecurityContextHolderFilter@4a28b6d0, org.springframework.security.web.header.HeaderWriterFilter@7821d009, org.springframework.web.filter.CorsFilter@12fbc568, org.springframework.security.web.authentication.logout.LogoutFilter@61563a91, com.edulink.studentservice.security.JwtAuthFilter@7f93f4c, org.springframework.security.web.savedrequest.RequestCacheAwareFilter@684001e6, org.springframework.security.web.servletapi.SecurityContextHolderAwareRequestFilter@6bb2b8d4, org.springframework.security.web.authentication.AnonymousAuthenticationFilter@3dd2a70d, org.springframework.security.web.session.SessionManagementFilter@673218b2, org.springframework.security.web.access.ExceptionTranslationFilter@38cd7531, org.springframework.security.web.access.intercept.AuthorizationFilter@7eeabaf3]
2026-05-15T09:34:40.431+05:30  WARN 8224 --- [student-service] [main] iguration$LoadBalancerCaffeineWarnLogger : Spring Cloud LoadBalancer is currently working with the default cache. While this cache implementation is useful for development and tests, it's recommended to use Caffeine cache in production.You can switch to using Caffeine cache, by adding it and org.springframework.cache.caffeine.CaffeineCacheManager to the classpath.
2026-05-15T09:34:40.992+05:30  INFO 8224 --- [student-service] [main] c.e.s.StudentServiceApplication          : Started StudentServiceApplication in 11.902 seconds (process running for 12.581)
2026-05-15T09:40:30.193+05:30  INFO 8224 --- [student-service] [http-nio-8082-exec-1] o.s.web.servlet.DispatcherServlet        : Initializing Servlet 'dispatcherServlet'
2026-05-15T09:40:30.203+05:30  INFO 8224 --- [student-service] [http-nio-8082-exec-1] o.s.web.servlet.DispatcherServlet        : Completed initialization in 6 ms
2026-05-15T09:40:30.292+05:30 DEBUG 8224 --- [student-service] [http-nio-8082-exec-2] o.s.security.web.FilterChainProxy        : Securing GET /student/courses
2026-05-15T09:40:30.292+05:30 DEBUG 8224 --- [student-service] [http-nio-8082-exec-1] o.s.security.web.FilterChainProxy        : Securing GET /student/courses
2026-05-15T09:40:30.459+05:30 DEBUG 8224 --- [student-service] [http-nio-8082-exec-2] c.e.s.security.JwtAuthFilter             : JWT filter: token parsed successfully, subject=arun@greenwood.edu, role=STUDENT
2026-05-15T09:40:30.461+05:30 DEBUG 8224 --- [student-service] [http-nio-8082-exec-1] c.e.s.security.JwtAuthFilter             : JWT filter: token parsed successfully, subject=arun@greenwood.edu, role=STUDENT
2026-05-15T09:40:30.464+05:30 DEBUG 8224 --- [student-service] [http-nio-8082-exec-2] c.e.s.security.JwtAuthFilter             : JWT filter: authentication set for arun@greenwood.edu with role STUDENT
2026-05-15T09:40:30.464+05:30 DEBUG 8224 --- [student-service] [http-nio-8082-exec-1] c.e.s.security.JwtAuthFilter             : JWT filter: authentication set for arun@greenwood.edu with role STUDENT
2026-05-15T09:40:30.472+05:30 DEBUG 8224 --- [student-service] [http-nio-8082-exec-2] o.s.security.web.FilterChainProxy        : Secured GET /student/courses
2026-05-15T09:40:30.475+05:30 DEBUG 8224 --- [student-service] [http-nio-8082-exec-1] o.s.security.web.FilterChainProxy        : Secured GET /student/courses
2026-05-15T09:47:48.025+05:30 DEBUG 8224 --- [student-service] [http-nio-8082-exec-3] o.s.security.web.FilterChainProxy        : Securing GET /student/courses
2026-05-15T09:47:48.037+05:30 DEBUG 8224 --- [student-service] [http-nio-8082-exec-3] c.e.s.security.JwtAuthFilter             : JWT filter: token parsed successfully, subject=arun@greenwood.edu, role=STUDENT
2026-05-15T09:47:48.039+05:30 DEBUG 8224 --- [student-service] [http-nio-8082-exec-3] c.e.s.security.JwtAuthFilter             : JWT filter: authentication set for arun@greenwood.edu with role STUDENT
2026-05-15T09:47:48.041+05:30 DEBUG 8224 --- [student-service] [http-nio-8082-exec-3] o.s.security.web.FilterChainProxy        : Secured GET /student/courses
2026-05-15T09:47:48.104+05:30 DEBUG 8224 --- [student-service] [http-nio-8082-exec-4] o.s.security.web.FilterChainProxy        : Securing GET /student/courses
2026-05-15T09:47:48.114+05:30 DEBUG 8224 --- [student-service] [http-nio-8082-exec-4] c.e.s.security.JwtAuthFilter             : JWT filter: token parsed successfully, subject=arun@greenwood.edu, role=STUDENT
2026-05-15T09:47:48.114+05:30 DEBUG 8224 --- [student-service] [http-nio-8082-exec-4] c.e.s.security.JwtAuthFilter             : JWT filter: authentication set for arun@greenwood.edu with role STUDENT
2026-05-15T09:47:48.115+05:30 DEBUG 8224 --- [student-service] [http-nio-8082-exec-4] o.s.security.web.FilterChainProxy        : Secured GET /student/courses
2026-05-15T09:47:55.770+05:30 DEBUG 8224 --- [student-service] [http-nio-8082-exec-5] o.s.security.web.FilterChainProxy        : Securing GET /student/courses
2026-05-15T09:47:55.782+05:30 DEBUG 8224 --- [student-service] [http-nio-8082-exec-5] c.e.s.security.JwtAuthFilter             : JWT filter: token parsed successfully, subject=arun@greenwood.edu, role=STUDENT
2026-05-15T09:47:55.784+05:30 DEBUG 8224 --- [student-service] [http-nio-8082-exec-5] c.e.s.security.JwtAuthFilter             : JWT filter: authentication set for arun@greenwood.edu with role STUDENT
2026-05-15T09:47:55.785+05:30 DEBUG 8224 --- [student-service] [http-nio-8082-exec-5] o.s.security.web.FilterChainProxy        : Secured GET /student/courses
2026-05-15T09:47:55.859+05:30 DEBUG 8224 --- [student-service] [http-nio-8082-exec-6] o.s.security.web.FilterChainProxy        : Securing GET /student/courses
2026-05-15T09:47:55.866+05:30 DEBUG 8224 --- [student-service] [http-nio-8082-exec-6] c.e.s.security.JwtAuthFilter             : JWT filter: token parsed successfully, subject=arun@greenwood.edu, role=STUDENT
2026-05-15T09:47:55.868+05:30 DEBUG 8224 --- [student-service] [http-nio-8082-exec-6] c.e.s.security.JwtAuthFilter             : JWT filter: authentication set for arun@greenwood.edu with role STUDENT
2026-05-15T09:47:55.870+05:30 DEBUG 8224 --- [student-service] [http-nio-8082-exec-6] o.s.security.web.FilterChainProxy        : Secured GET /student/courses
2026-05-15T09:48:17.740+05:30 DEBUG 8224 --- [student-service] [http-nio-8082-exec-7] o.s.security.web.FilterChainProxy        : Securing GET /student/courses
2026-05-15T09:48:17.762+05:30 DEBUG 8224 --- [student-service] [http-nio-8082-exec-7] c.e.s.security.JwtAuthFilter             : JWT filter: token parsed successfully, subject=arun@greenwood.edu, role=STUDENT
2026-05-15T09:48:17.764+05:30 DEBUG 8224 --- [student-service] [http-nio-8082-exec-7] c.e.s.security.JwtAuthFilter             : JWT filter: authentication set for arun@greenwood.edu with role STUDENT
2026-05-15T09:48:17.769+05:30 DEBUG 8224 --- [student-service] [http-nio-8082-exec-7] o.s.security.web.FilterChainProxy        : Secured GET /student/courses
2026-05-15T09:48:17.959+05:30 DEBUG 8224 --- [student-service] [http-nio-8082-exec-8] o.s.security.web.FilterChainProxy        : Securing GET /student/courses
2026-05-15T09:48:17.978+05:30 DEBUG 8224 --- [student-service] [http-nio-8082-exec-8] c.e.s.security.JwtAuthFilter             : JWT filter: token parsed successfully, subject=arun@greenwood.edu, role=STUDENT
2026-05-15T09:48:17.981+05:30 DEBUG 8224 --- [student-service] [http-nio-8082-exec-8] c.e.s.security.JwtAuthFilter             : JWT filter: authentication set for arun@greenwood.edu with role STUDENT
2026-05-15T09:48:17.982+05:30 DEBUG 8224 --- [student-service] [http-nio-8082-exec-8] o.s.security.web.FilterChainProxy        : Secured GET /student/courses
