2026-05-12T00:01:59.839+05:30  INFO 24428 --- [student-service] [http-nio-8082-exec-1] o.s.web.servlet.DispatcherServlet        : Initializing Servlet 'dispatcherServlet'
2026-05-12T00:01:59.976+05:30  INFO 24428 --- [student-service] [http-nio-8082-exec-1] o.s.web.servlet.DispatcherServlet        : Completed initialization in 34 ms
2026-05-12T00:02:00.106+05:30 DEBUG 24428 --- [student-service] [http-nio-8082-exec-1] o.s.security.web.FilterChainProxy        : Securing GET /student/courses
2026-05-12T00:02:00.282+05:30 DEBUG 24428 --- [student-service] [http-nio-8082-exec-1] c.e.s.security.JwtAuthFilter             : JWT filter: token parsed successfully, subject=riya@gmail.com, role=STUDENT
2026-05-12T00:02:00.291+05:30 DEBUG 24428 --- [student-service] [http-nio-8082-exec-1] c.e.s.security.JwtAuthFilter             : JWT filter: authentication set for riya@gmail.com with role STUDENT
2026-05-12T00:02:00.306+05:30 DEBUG 24428 --- [student-service] [http-nio-8082-exec-1] o.s.security.web.FilterChainProxy        : Secured GET /student/courses
2026-05-12T00:02:00.457+05:30 DEBUG 24428 --- [student-service] [http-nio-8082-exec-2] o.s.security.web.FilterChainProxy        : Securing GET /student/courses
2026-05-12T00:02:00.473+05:30 DEBUG 24428 --- [student-service] [http-nio-8082-exec-2] c.e.s.security.JwtAuthFilter             : JWT filter: token parsed successfully, subject=riya@gmail.com, role=STUDENT
2026-05-12T00:02:00.475+05:30 DEBUG 24428 --- [student-service] [http-nio-8082-exec-2] c.e.s.security.JwtAuthFilter             : JWT filter: authentication set for riya@gmail.com with role STUDENT
2026-05-12T00:02:00.476+05:30 DEBUG 24428 --- [student-service] [http-nio-8082-exec-2] o.s.security.web.FilterChainProxy        : Secured GET /student/courses
2026-05-12T00:02:47.509+05:30 DEBUG 24428 --- [student-service] [http-nio-8082-exec-3] o.s.security.web.FilterChainProxy        : Securing GET /student/courses
2026-05-12T00:02:47.513+05:30 DEBUG 24428 --- [student-service] [http-nio-8082-exec-3] c.e.s.security.JwtAuthFilter             : JWT filter: token parsed successfully, subject=abhishek@gmail.com, role=STUDENT
2026-05-12T00:02:47.513+05:30 DEBUG 24428 --- [student-service] [http-nio-8082-exec-3] c.e.s.security.JwtAuthFilter             : JWT filter: authentication set for abhishek@gmail.com with role STUDENT
2026-05-12T00:02:47.513+05:30 DEBUG 24428 --- [student-service] [http-nio-8082-exec-3] o.s.security.web.FilterChainProxy        : Secured GET /student/courses
2026-05-12T00:02:47.573+05:30 DEBUG 24428 --- [student-service] [http-nio-8082-exec-4] o.s.security.web.FilterChainProxy        : Securing GET /student/courses
2026-05-12T00:02:47.577+05:30 DEBUG 24428 --- [student-service] [http-nio-8082-exec-4] c.e.s.security.JwtAuthFilter             : JWT filter: token parsed successfully, subject=abhishek@gmail.com, role=STUDENT
2026-05-12T00:02:47.577+05:30 DEBUG 24428 --- [student-service] [http-nio-8082-exec-4] c.e.s.security.JwtAuthFilter             : JWT filter: authentication set for abhishek@gmail.com with role STUDENT
2026-05-12T00:02:47.577+05:30 DEBUG 24428 --- [student-service] [http-nio-8082-exec-4] o.s.security.web.FilterChainProxy        : Secured GET /student/courses
2026-05-12T00:03:25.079+05:30 DEBUG 24428 --- [student-service] [http-nio-8082-exec-5] o.s.security.web.FilterChainProxy        : Securing GET /student/courses
2026-05-12T00:03:25.087+05:30 DEBUG 24428 --- [student-service] [http-nio-8082-exec-5] c.e.s.security.JwtAuthFilter             : JWT filter: token parsed successfully, subject=aman@gmail.com, role=STUDENT
2026-05-12T00:03:25.089+05:30 DEBUG 24428 --- [student-service] [http-nio-8082-exec-5] c.e.s.security.JwtAuthFilter             : JWT filter: authentication set for aman@gmail.com with role STUDENT
2026-05-12T00:03:25.091+05:30 DEBUG 24428 --- [student-service] [http-nio-8082-exec-5] o.s.security.web.FilterChainProxy        : Secured GET /student/courses
2026-05-12T00:03:25.135+05:30 DEBUG 24428 --- [student-service] [http-nio-8082-exec-6] o.s.security.web.FilterChainProxy        : Securing GET /student/courses
2026-05-12T00:03:25.142+05:30 DEBUG 24428 --- [student-service] [http-nio-8082-exec-6] c.e.s.security.JwtAuthFilter             : JWT filter: token parsed successfully, subject=aman@gmail.com, role=STUDENT
2026-05-12T00:03:25.143+05:30 DEBUG 24428 --- [student-service] [http-nio-8082-exec-6] c.e.s.security.JwtAuthFilter             : JWT filter: authentication set for aman@gmail.com with role STUDENT
2026-05-12T00:03:25.144+05:30 DEBUG 24428 --- [student-service] [http-nio-8082-exec-6] o.s.security.web.FilterChainProxy        : Secured GET /student/courses
2026-05-12T00:04:06.944+05:30 DEBUG 24428 --- [student-service] [http-nio-8082-exec-7] o.s.security.web.FilterChainProxy        : Securing GET /student/courses
2026-05-12T00:04:06.952+05:30 DEBUG 24428 --- [student-service] [http-nio-8082-exec-7] c.e.s.security.JwtAuthFilter             : JWT filter: token parsed successfully, subject=arti@gmail.com, role=STUDENT
2026-05-12T00:04:06.952+05:30 DEBUG 24428 --- [student-service] [http-nio-8082-exec-7] c.e.s.security.JwtAuthFilter             : JWT filter: authentication set for arti@gmail.com with role STUDENT
2026-05-12T00:04:06.952+05:30 DEBUG 24428 --- [student-service] [http-nio-8082-exec-7] o.s.security.web.FilterChainProxy        : Secured GET /student/courses
2026-05-12T00:04:07.016+05:30 DEBUG 24428 --- [student-service] [http-nio-8082-exec-8] o.s.security.web.FilterChainProxy        : Securing GET /student/courses
2026-05-12T00:04:07.030+05:30 DEBUG 24428 --- [student-service] [http-nio-8082-exec-8] c.e.s.security.JwtAuthFilter             : JWT filter: token parsed successfully, subject=arti@gmail.com, role=STUDENT
2026-05-12T00:04:07.032+05:30 DEBUG 24428 --- [student-service] [http-nio-8082-exec-8] c.e.s.security.JwtAuthFilter             : JWT filter: authentication set for arti@gmail.com with role STUDENT
2026-05-12T00:04:07.034+05:30 DEBUG 24428 --- [student-service] [http-nio-8082-exec-8] o.s.security.web.FilterChainProxy        : Secured GET /student/courses
2026-05-12T00:06:15.206+05:30 DEBUG 24428 --- [student-service] [http-nio-8082-exec-10] o.s.security.web.FilterChainProxy        : Securing GET /student/available-courses
2026-05-12T00:06:15.219+05:30 DEBUG 24428 --- [student-service] [http-nio-8082-exec-10] c.e.s.security.JwtAuthFilter             : JWT filter: token parsed successfully, subject=arti@gmail.com, role=STUDENT
2026-05-12T00:06:15.221+05:30 DEBUG 24428 --- [student-service] [http-nio-8082-exec-10] c.e.s.security.JwtAuthFilter             : JWT filter: authentication set for arti@gmail.com with role STUDENT
2026-05-12T00:06:15.221+05:30 DEBUG 24428 --- [student-service] [http-nio-8082-exec-10] o.s.security.web.FilterChainProxy        : Secured GET /student/available-courses
2026-05-12T00:06:15.385+05:30 DEBUG 24428 --- [student-service] [http-nio-8082-exec-2] o.s.security.web.FilterChainProxy        : Securing GET /student/available-courses
2026-05-12T00:06:15.393+05:30 DEBUG 24428 --- [student-service] [http-nio-8082-exec-2] c.e.s.security.JwtAuthFilter             : JWT filter: token parsed successfully, subject=arti@gmail.com, role=STUDENT
2026-05-12T00:06:15.393+05:30 DEBUG 24428 --- [student-service] [http-nio-8082-exec-2] c.e.s.security.JwtAuthFilter             : JWT filter: authentication set for arti@gmail.com with role STUDENT
2026-05-12T00:06:15.394+05:30 DEBUG 24428 --- [student-service] [http-nio-8082-exec-2] o.s.security.web.FilterChainProxy        : Secured GET /student/available-courses
2026-05-12T00:06:43.496+05:30 DEBUG 24428 --- [student-service] [http-nio-8082-exec-1] o.s.security.web.FilterChainProxy        : Securing GET /student/available-courses
2026-05-12T00:06:43.501+05:30 DEBUG 24428 --- [student-service] [http-nio-8082-exec-1] c.e.s.security.JwtAuthFilter             : JWT filter: token parsed successfully, subject=arti@gmail.com, role=STUDENT
2026-05-12T00:06:43.501+05:30 DEBUG 24428 --- [student-service] [http-nio-8082-exec-1] c.e.s.security.JwtAuthFilter             : JWT filter: authentication set for arti@gmail.com with role STUDENT
2026-05-12T00:06:43.502+05:30 DEBUG 24428 --- [student-service] [http-nio-8082-exec-1] o.s.security.web.FilterChainProxy        : Secured GET /student/available-courses
2026-05-12T00:06:43.546+05:30 DEBUG 24428 --- [student-service] [http-nio-8082-exec-3] o.s.security.web.FilterChainProxy        : Securing GET /student/available-courses
2026-05-12T00:06:43.552+05:30 DEBUG 24428 --- [student-service] [http-nio-8082-exec-3] c.e.s.security.JwtAuthFilter             : JWT filter: token parsed successfully, subject=arti@gmail.com, role=STUDENT
2026-05-12T00:06:43.553+05:30 DEBUG 24428 --- [student-service] [http-nio-8082-exec-3] c.e.s.security.JwtAuthFilter             : JWT filter: authentication set for arti@gmail.com with role STUDENT
2026-05-12T00:06:43.554+05:30 DEBUG 24428 --- [student-service] [http-nio-8082-exec-3] o.s.security.web.FilterChainProxy        : Secured GET /student/available-courses
2026-05-12T00:06:44.823+05:30 DEBUG 24428 --- [student-service] [http-nio-8082-exec-4] o.s.security.web.FilterChainProxy        : Securing GET /student/courses
2026-05-12T00:06:44.829+05:30 DEBUG 24428 --- [student-service] [http-nio-8082-exec-4] c.e.s.security.JwtAuthFilter             : JWT filter: token parsed successfully, subject=arti@gmail.com, role=STUDENT
2026-05-12T00:06:44.829+05:30 DEBUG 24428 --- [student-service] [http-nio-8082-exec-4] c.e.s.security.JwtAuthFilter             : JWT filter: authentication set for arti@gmail.com with role STUDENT
2026-05-12T00:06:44.829+05:30 DEBUG 24428 --- [student-service] [http-nio-8082-exec-4] o.s.security.web.FilterChainProxy        : Secured GET /student/courses
2026-05-12T00:06:44.853+05:30 DEBUG 24428 --- [student-service] [http-nio-8082-exec-5] o.s.security.web.FilterChainProxy        : Securing GET /student/courses
2026-05-12T00:06:44.861+05:30 DEBUG 24428 --- [student-service] [http-nio-8082-exec-5] c.e.s.security.JwtAuthFilter             : JWT filter: token parsed successfully, subject=arti@gmail.com, role=STUDENT
2026-05-12T00:06:44.861+05:30 DEBUG 24428 --- [student-service] [http-nio-8082-exec-5] c.e.s.security.JwtAuthFilter             : JWT filter: authentication set for arti@gmail.com with role STUDENT
2026-05-12T00:06:44.861+05:30 DEBUG 24428 --- [student-service] [http-nio-8082-exec-5] o.s.security.web.FilterChainProxy        : Secured GET /student/courses
2026-05-12T00:07:47.842+05:30 DEBUG 24428 --- [student-service] [http-nio-8082-exec-7] o.s.security.web.FilterChainProxy        : Securing GET /student/available-courses
2026-05-12T00:07:47.854+05:30 DEBUG 24428 --- [student-service] [http-nio-8082-exec-7] c.e.s.security.JwtAuthFilter             : JWT filter: token parsed successfully, subject=arti@gmail.com, role=STUDENT
2026-05-12T00:07:47.856+05:30 DEBUG 24428 --- [student-service] [http-nio-8082-exec-7] c.e.s.security.JwtAuthFilter             : JWT filter: authentication set for arti@gmail.com with role STUDENT
2026-05-12T00:07:47.856+05:30 DEBUG 24428 --- [student-service] [http-nio-8082-exec-7] o.s.security.web.FilterChainProxy        : Secured GET /student/available-courses
2026-05-12T00:07:47.922+05:30 DEBUG 24428 --- [student-service] [http-nio-8082-exec-8] o.s.security.web.FilterChainProxy        : Securing GET /student/available-courses
2026-05-12T00:07:47.924+05:30 DEBUG 24428 --- [student-service] [http-nio-8082-exec-8] c.e.s.security.JwtAuthFilter             : JWT filter: token parsed successfully, subject=arti@gmail.com, role=STUDENT
2026-05-12T00:07:47.924+05:30 DEBUG 24428 --- [student-service] [http-nio-8082-exec-8] c.e.s.security.JwtAuthFilter             : JWT filter: authentication set for arti@gmail.com with role STUDENT
2026-05-12T00:07:47.924+05:30 DEBUG 24428 --- [student-service] [http-nio-8082-exec-8] o.s.security.web.FilterChainProxy        : Secured GET /student/available-courses
2026-05-12T00:07:54.865+05:30 DEBUG 24428 --- [student-service] [http-nio-8082-exec-9] o.s.security.web.FilterChainProxy        : Securing POST /student/enroll
2026-05-12T00:07:54.872+05:30 DEBUG 24428 --- [student-service] [http-nio-8082-exec-9] c.e.s.security.JwtAuthFilter             : JWT filter: token parsed successfully, subject=arti@gmail.com, role=STUDENT
2026-05-12T00:07:54.872+05:30 DEBUG 24428 --- [student-service] [http-nio-8082-exec-9] c.e.s.security.JwtAuthFilter             : JWT filter: authentication set for arti@gmail.com with role STUDENT
2026-05-12T00:07:54.872+05:30 DEBUG 24428 --- [student-service] [http-nio-8082-exec-9] o.s.security.web.FilterChainProxy        : Secured POST /student/enroll
2026-05-12T00:07:58.014+05:30 DEBUG 24428 --- [student-service] [http-nio-8082-exec-10] o.s.security.web.FilterChainProxy        : Securing POST /student/enroll
2026-05-12T00:07:58.024+05:30 DEBUG 24428 --- [student-service] [http-nio-8082-exec-10] c.e.s.security.JwtAuthFilter             : JWT filter: token parsed successfully, subject=arti@gmail.com, role=STUDENT
2026-05-12T00:07:58.024+05:30 DEBUG 24428 --- [student-service] [http-nio-8082-exec-10] c.e.s.security.JwtAuthFilter             : JWT filter: authentication set for arti@gmail.com with role STUDENT
2026-05-12T00:07:58.026+05:30 DEBUG 24428 --- [student-service] [http-nio-8082-exec-10] o.s.security.web.FilterChainProxy        : Secured POST /student/enroll
2026-05-12T00:08:02.785+05:30 DEBUG 24428 --- [student-service] [http-nio-8082-exec-2] o.s.security.web.FilterChainProxy        : Securing GET /student/available-courses
2026-05-12T00:08:02.790+05:30 DEBUG 24428 --- [student-service] [http-nio-8082-exec-2] c.e.s.security.JwtAuthFilter             : JWT filter: token parsed successfully, subject=arti@gmail.com, role=STUDENT
2026-05-12T00:08:02.792+05:30 DEBUG 24428 --- [student-service] [http-nio-8082-exec-2] c.e.s.security.JwtAuthFilter             : JWT filter: authentication set for arti@gmail.com with role STUDENT
2026-05-12T00:08:02.792+05:30 DEBUG 24428 --- [student-service] [http-nio-8082-exec-2] o.s.security.web.FilterChainProxy        : Secured GET /student/available-courses
2026-05-12T00:08:02.879+05:30 DEBUG 24428 --- [student-service] [http-nio-8082-exec-1] o.s.security.web.FilterChainProxy        : Securing GET /student/available-courses
2026-05-12T00:08:02.886+05:30 DEBUG 24428 --- [student-service] [http-nio-8082-exec-1] c.e.s.security.JwtAuthFilter             : JWT filter: token parsed successfully, subject=arti@gmail.com, role=STUDENT
2026-05-12T00:08:02.888+05:30 DEBUG 24428 --- [student-service] [http-nio-8082-exec-1] c.e.s.security.JwtAuthFilter             : JWT filter: authentication set for arti@gmail.com with role STUDENT
2026-05-12T00:08:02.889+05:30 DEBUG 24428 --- [student-service] [http-nio-8082-exec-1] o.s.security.web.FilterChainProxy        : Secured GET /student/available-courses
2026-05-12T00:09:50.053+05:30 DEBUG 24428 --- [student-service] [http-nio-8082-exec-4] o.s.security.web.FilterChainProxy        : Securing GET /student/courses
2026-05-12T00:09:50.061+05:30 DEBUG 24428 --- [student-service] [http-nio-8082-exec-4] c.e.s.security.JwtAuthFilter             : JWT filter: token parsed successfully, subject=arti@gmail.com, role=STUDENT
2026-05-12T00:09:50.061+05:30 DEBUG 24428 --- [student-service] [http-nio-8082-exec-4] c.e.s.security.JwtAuthFilter             : JWT filter: authentication set for arti@gmail.com with role STUDENT
2026-05-12T00:09:50.061+05:30 DEBUG 24428 --- [student-service] [http-nio-8082-exec-4] o.s.security.web.FilterChainProxy        : Secured GET /student/courses
2026-05-12T00:09:50.090+05:30 DEBUG 24428 --- [student-service] [http-nio-8082-exec-5] o.s.security.web.FilterChainProxy        : Securing GET /student/courses
2026-05-12T00:09:50.095+05:30 DEBUG 24428 --- [student-service] [http-nio-8082-exec-5] c.e.s.security.JwtAuthFilter             : JWT filter: token parsed successfully, subject=arti@gmail.com, role=STUDENT
2026-05-12T00:09:50.095+05:30 DEBUG 24428 --- [student-service] [http-nio-8082-exec-5] c.e.s.security.JwtAuthFilter             : JWT filter: authentication set for arti@gmail.com with role STUDENT
2026-05-12T00:09:50.095+05:30 DEBUG 24428 --- [student-service] [http-nio-8082-exec-5] o.s.security.web.FilterChainProxy        : Secured GET /student/courses
2026-05-12T00:09:57.052+05:30 DEBUG 24428 --- [student-service] [http-nio-8082-exec-6] o.s.security.web.FilterChainProxy        : Securing GET /student/courses
2026-05-12T00:09:57.062+05:30 DEBUG 24428 --- [student-service] [http-nio-8082-exec-6] c.e.s.security.JwtAuthFilter             : JWT filter: token parsed successfully, subject=arti@gmail.com, role=STUDENT
2026-05-12T00:09:57.062+05:30 DEBUG 24428 --- [student-service] [http-nio-8082-exec-6] c.e.s.security.JwtAuthFilter             : JWT filter: authentication set for arti@gmail.com with role STUDENT
2026-05-12T00:09:57.067+05:30 DEBUG 24428 --- [student-service] [http-nio-8082-exec-6] o.s.security.web.FilterChainProxy        : Secured GET /student/courses
2026-05-12T00:09:57.116+05:30 DEBUG 24428 --- [student-service] [http-nio-8082-exec-7] o.s.security.web.FilterChainProxy        : Securing GET /student/courses
2026-05-12T00:09:57.120+05:30 DEBUG 24428 --- [student-service] [http-nio-8082-exec-7] c.e.s.security.JwtAuthFilter             : JWT filter: token parsed successfully, subject=arti@gmail.com, role=STUDENT
2026-05-12T00:09:57.120+05:30 DEBUG 24428 --- [student-service] [http-nio-8082-exec-7] c.e.s.security.JwtAuthFilter             : JWT filter: authentication set for arti@gmail.com with role STUDENT
2026-05-12T00:09:57.120+05:30 DEBUG 24428 --- [student-service] [http-nio-8082-exec-7] o.s.security.web.FilterChainProxy        : Secured GET /student/courses
2026-05-12T00:09:57.755+05:30 DEBUG 24428 --- [student-service] [http-nio-8082-exec-8] o.s.security.web.FilterChainProxy        : Securing GET /student/available-courses
2026-05-12T00:09:57.756+05:30 DEBUG 24428 --- [student-service] [http-nio-8082-exec-8] c.e.s.security.JwtAuthFilter             : JWT filter: token parsed successfully, subject=arti@gmail.com, role=STUDENT
2026-05-12T00:09:57.756+05:30 DEBUG 24428 --- [student-service] [http-nio-8082-exec-8] c.e.s.security.JwtAuthFilter             : JWT filter: authentication set for arti@gmail.com with role STUDENT
2026-05-12T00:09:57.756+05:30 DEBUG 24428 --- [student-service] [http-nio-8082-exec-8] o.s.security.web.FilterChainProxy        : Secured GET /student/available-courses
2026-05-12T00:09:57.799+05:30 DEBUG 24428 --- [student-service] [http-nio-8082-exec-9] o.s.security.web.FilterChainProxy        : Securing GET /student/available-courses
2026-05-12T00:09:57.802+05:30 DEBUG 24428 --- [student-service] [http-nio-8082-exec-9] c.e.s.security.JwtAuthFilter             : JWT filter: token parsed successfully, subject=arti@gmail.com, role=STUDENT
2026-05-12T00:09:57.805+05:30 DEBUG 24428 --- [student-service] [http-nio-8082-exec-9] c.e.s.security.JwtAuthFilter             : JWT filter: authentication set for arti@gmail.com with role STUDENT
2026-05-12T00:09:57.805+05:30 DEBUG 24428 --- [student-service] [http-nio-8082-exec-9] o.s.security.web.FilterChainProxy        : Secured GET /student/available-courses
2026-05-12T00:10:00.746+05:30 DEBUG 24428 --- [student-service] [http-nio-8082-exec-10] o.s.security.web.FilterChainProxy        : Securing GET /student/courses
2026-05-12T00:10:00.777+05:30 DEBUG 24428 --- [student-service] [http-nio-8082-exec-10] c.e.s.security.JwtAuthFilter             : JWT filter: token parsed successfully, subject=arti@gmail.com, role=STUDENT
2026-05-12T00:10:00.777+05:30 DEBUG 24428 --- [student-service] [http-nio-8082-exec-10] c.e.s.security.JwtAuthFilter             : JWT filter: authentication set for arti@gmail.com with role STUDENT
2026-05-12T00:10:00.777+05:30 DEBUG 24428 --- [student-service] [http-nio-8082-exec-10] o.s.security.web.FilterChainProxy        : Secured GET /student/courses
2026-05-12T00:10:00.819+05:30 DEBUG 24428 --- [student-service] [http-nio-8082-exec-2] o.s.security.web.FilterChainProxy        : Securing GET /student/courses
2026-05-12T00:10:00.822+05:30 DEBUG 24428 --- [student-service] [http-nio-8082-exec-2] c.e.s.security.JwtAuthFilter             : JWT filter: token parsed successfully, subject=arti@gmail.com, role=STUDENT
2026-05-12T00:10:00.822+05:30 DEBUG 24428 --- [student-service] [http-nio-8082-exec-2] c.e.s.security.JwtAuthFilter             : JWT filter: authentication set for arti@gmail.com with role STUDENT
2026-05-12T00:10:00.830+05:30 DEBUG 24428 --- [student-service] [http-nio-8082-exec-2] o.s.security.web.FilterChainProxy        : Secured GET /student/courses
2026-05-12T00:12:03.494+05:30 DEBUG 24428 --- [student-service] [http-nio-8082-exec-3] o.s.security.web.FilterChainProxy        : Securing GET /student/courses
2026-05-12T00:12:03.503+05:30 DEBUG 24428 --- [student-service] [http-nio-8082-exec-3] c.e.s.security.JwtAuthFilter             : JWT filter: token parsed successfully, subject=arti@gmail.com, role=STUDENT
2026-05-12T00:12:03.504+05:30 DEBUG 24428 --- [student-service] [http-nio-8082-exec-3] c.e.s.security.JwtAuthFilter             : JWT filter: authentication set for arti@gmail.com with role STUDENT
2026-05-12T00:12:03.505+05:30 DEBUG 24428 --- [student-service] [http-nio-8082-exec-3] o.s.security.web.FilterChainProxy        : Secured GET /student/courses
2026-05-12T00:12:03.535+05:30 DEBUG 24428 --- [student-service] [http-nio-8082-exec-4] o.s.security.web.FilterChainProxy        : Securing GET /student/courses
2026-05-12T00:12:03.546+05:30 DEBUG 24428 --- [student-service] [http-nio-8082-exec-4] c.e.s.security.JwtAuthFilter             : JWT filter: token parsed successfully, subject=arti@gmail.com, role=STUDENT
2026-05-12T00:12:03.546+05:30 DEBUG 24428 --- [student-service] [http-nio-8082-exec-4] c.e.s.security.JwtAuthFilter             : JWT filter: authentication set for arti@gmail.com with role STUDENT
2026-05-12T00:12:03.547+05:30 DEBUG 24428 --- [student-service] [http-nio-8082-exec-4] o.s.security.web.FilterChainProxy        : Secured GET /student/courses
2026-05-12T00:12:13.084+05:30 DEBUG 24428 --- [student-service] [http-nio-8082-exec-5] o.s.security.web.FilterChainProxy        : Securing GET /student/courses
2026-05-12T00:12:13.093+05:30 DEBUG 24428 --- [student-service] [http-nio-8082-exec-5] c.e.s.security.JwtAuthFilter             : JWT filter: token parsed successfully, subject=arti@gmail.com, role=STUDENT
2026-05-12T00:12:13.094+05:30 DEBUG 24428 --- [student-service] [http-nio-8082-exec-5] c.e.s.security.JwtAuthFilter             : JWT filter: authentication set for arti@gmail.com with role STUDENT
2026-05-12T00:12:13.095+05:30 DEBUG 24428 --- [student-service] [http-nio-8082-exec-5] o.s.security.web.FilterChainProxy        : Secured GET /student/courses
2026-05-12T00:12:13.130+05:30 DEBUG 24428 --- [student-service] [http-nio-8082-exec-6] o.s.security.web.FilterChainProxy        : Securing GET /student/courses
2026-05-12T00:12:13.138+05:30 DEBUG 24428 --- [student-service] [http-nio-8082-exec-6] c.e.s.security.JwtAuthFilter             : JWT filter: token parsed successfully, subject=arti@gmail.com, role=STUDENT
2026-05-12T00:12:13.139+05:30 DEBUG 24428 --- [student-service] [http-nio-8082-exec-6] c.e.s.security.JwtAuthFilter             : JWT filter: authentication set for arti@gmail.com with role STUDENT
2026-05-12T00:12:13.139+05:30 DEBUG 24428 --- [student-service] [http-nio-8082-exec-6] o.s.security.web.FilterChainProxy        : Secured GET /student/courses
2026-05-12T00:12:14.522+05:30 DEBUG 24428 --- [student-service] [http-nio-8082-exec-7] o.s.security.web.FilterChainProxy        : Securing GET /student/available-courses
2026-05-12T00:12:14.533+05:30 DEBUG 24428 --- [student-service] [http-nio-8082-exec-7] c.e.s.security.JwtAuthFilter             : JWT filter: token parsed successfully, subject=arti@gmail.com, role=STUDENT
2026-05-12T00:12:14.533+05:30 DEBUG 24428 --- [student-service] [http-nio-8082-exec-7] c.e.s.security.JwtAuthFilter             : JWT filter: authentication set for arti@gmail.com with role STUDENT
2026-05-12T00:12:14.533+05:30 DEBUG 24428 --- [student-service] [http-nio-8082-exec-7] o.s.security.web.FilterChainProxy        : Secured GET /student/available-courses
2026-05-12T00:12:14.601+05:30 DEBUG 24428 --- [student-service] [http-nio-8082-exec-8] o.s.security.web.FilterChainProxy        : Securing GET /student/available-courses
2026-05-12T00:12:14.601+05:30 DEBUG 24428 --- [student-service] [http-nio-8082-exec-8] c.e.s.security.JwtAuthFilter             : JWT filter: token parsed successfully, subject=arti@gmail.com, role=STUDENT
2026-05-12T00:12:14.608+05:30 DEBUG 24428 --- [student-service] [http-nio-8082-exec-8] c.e.s.security.JwtAuthFilter             : JWT filter: authentication set for arti@gmail.com with role STUDENT
2026-05-12T00:12:14.608+05:30 DEBUG 24428 --- [student-service] [http-nio-8082-exec-8] o.s.security.web.FilterChainProxy        : Secured GET /student/available-courses
2026-05-12T00:12:17.255+05:30 DEBUG 24428 --- [student-service] [http-nio-8082-exec-9] o.s.security.web.FilterChainProxy        : Securing GET /student/courses
2026-05-12T00:12:17.265+05:30 DEBUG 24428 --- [student-service] [http-nio-8082-exec-9] c.e.s.security.JwtAuthFilter             : JWT filter: token parsed successfully, subject=arti@gmail.com, role=STUDENT
2026-05-12T00:12:17.265+05:30 DEBUG 24428 --- [student-service] [http-nio-8082-exec-9] c.e.s.security.JwtAuthFilter             : JWT filter: authentication set for arti@gmail.com with role STUDENT
2026-05-12T00:12:17.265+05:30 DEBUG 24428 --- [student-service] [http-nio-8082-exec-9] o.s.security.web.FilterChainProxy        : Secured GET /student/courses
2026-05-12T00:12:17.304+05:30 DEBUG 24428 --- [student-service] [http-nio-8082-exec-10] o.s.security.web.FilterChainProxy        : Securing GET /student/courses
2026-05-12T00:12:17.310+05:30 DEBUG 24428 --- [student-service] [http-nio-8082-exec-10] c.e.s.security.JwtAuthFilter             : JWT filter: token parsed successfully, subject=arti@gmail.com, role=STUDENT
2026-05-12T00:12:17.311+05:30 DEBUG 24428 --- [student-service] [http-nio-8082-exec-10] c.e.s.security.JwtAuthFilter             : JWT filter: authentication set for arti@gmail.com with role STUDENT
2026-05-12T00:12:17.312+05:30 DEBUG 24428 --- [student-service] [http-nio-8082-exec-10] o.s.security.web.FilterChainProxy        : Secured GET /student/courses
2026-05-12T00:12:19.642+05:30 DEBUG 24428 --- [student-service] [http-nio-8082-exec-2] o.s.security.web.FilterChainProxy        : Securing GET /student/available-courses
2026-05-12T00:12:19.643+05:30 DEBUG 24428 --- [student-service] [http-nio-8082-exec-2] c.e.s.security.JwtAuthFilter             : JWT filter: token parsed successfully, subject=arti@gmail.com, role=STUDENT
2026-05-12T00:12:19.643+05:30 DEBUG 24428 --- [student-service] [http-nio-8082-exec-2] c.e.s.security.JwtAuthFilter             : JWT filter: authentication set for arti@gmail.com with role STUDENT
2026-05-12T00:12:19.643+05:30 DEBUG 24428 --- [student-service] [http-nio-8082-exec-2] o.s.security.web.FilterChainProxy        : Secured GET /student/available-courses
2026-05-12T00:12:19.692+05:30 DEBUG 24428 --- [student-service] [http-nio-8082-exec-1] o.s.security.web.FilterChainProxy        : Securing GET /student/available-courses
2026-05-12T00:12:19.692+05:30 DEBUG 24428 --- [student-service] [http-nio-8082-exec-1] c.e.s.security.JwtAuthFilter             : JWT filter: token parsed successfully, subject=arti@gmail.com, role=STUDENT
2026-05-12T00:12:19.692+05:30 DEBUG 24428 --- [student-service] [http-nio-8082-exec-1] c.e.s.security.JwtAuthFilter             : JWT filter: authentication set for arti@gmail.com with role STUDENT
2026-05-12T00:12:19.692+05:30 DEBUG 24428 --- [student-service] [http-nio-8082-exec-1] o.s.security.web.FilterChainProxy        : Secured GET /student/available-courses
2026-05-12T00:13:15.904+05:30 DEBUG 24428 --- [student-service] [http-nio-8082-exec-3] o.s.security.web.FilterChainProxy        : Securing GET /student/courses
2026-05-12T00:13:15.917+05:30 DEBUG 24428 --- [student-service] [http-nio-8082-exec-3] c.e.s.security.JwtAuthFilter             : JWT filter: token parsed successfully, subject=riya@gmail.com, role=STUDENT
2026-05-12T00:13:15.919+05:30 DEBUG 24428 --- [student-service] [http-nio-8082-exec-3] c.e.s.security.JwtAuthFilter             : JWT filter: authentication set for riya@gmail.com with role STUDENT
2026-05-12T00:13:15.919+05:30 DEBUG 24428 --- [student-service] [http-nio-8082-exec-3] o.s.security.web.FilterChainProxy        : Secured GET /student/courses
2026-05-12T00:13:15.974+05:30 DEBUG 24428 --- [student-service] [http-nio-8082-exec-4] o.s.security.web.FilterChainProxy        : Securing GET /student/courses
2026-05-12T00:13:15.982+05:30 DEBUG 24428 --- [student-service] [http-nio-8082-exec-4] c.e.s.security.JwtAuthFilter             : JWT filter: token parsed successfully, subject=riya@gmail.com, role=STUDENT
2026-05-12T00:13:15.984+05:30 DEBUG 24428 --- [student-service] [http-nio-8082-exec-4] c.e.s.security.JwtAuthFilter             : JWT filter: authentication set for riya@gmail.com with role STUDENT
2026-05-12T00:13:15.986+05:30 DEBUG 24428 --- [student-service] [http-nio-8082-exec-4] o.s.security.web.FilterChainProxy        : Secured GET /student/courses
2026-05-12T00:14:23.531+05:30 DEBUG 24428 --- [student-service] [http-nio-8082-exec-6] o.s.security.web.FilterChainProxy        : Securing GET /student/courses
2026-05-12T00:14:23.545+05:30 DEBUG 24428 --- [student-service] [http-nio-8082-exec-6] c.e.s.security.JwtAuthFilter             : JWT filter: token parsed successfully, subject=riya@gmail.com, role=STUDENT
2026-05-12T00:14:23.547+05:30 DEBUG 24428 --- [student-service] [http-nio-8082-exec-6] c.e.s.security.JwtAuthFilter             : JWT filter: authentication set for riya@gmail.com with role STUDENT
2026-05-12T00:14:23.547+05:30 DEBUG 24428 --- [student-service] [http-nio-8082-exec-6] o.s.security.web.FilterChainProxy        : Secured GET /student/courses
2026-05-12T00:14:23.593+05:30 DEBUG 24428 --- [student-service] [http-nio-8082-exec-7] o.s.security.web.FilterChainProxy        : Securing GET /student/courses
2026-05-12T00:14:23.596+05:30 DEBUG 24428 --- [student-service] [http-nio-8082-exec-7] c.e.s.security.JwtAuthFilter             : JWT filter: token parsed successfully, subject=riya@gmail.com, role=STUDENT
2026-05-12T00:14:23.596+05:30 DEBUG 24428 --- [student-service] [http-nio-8082-exec-7] c.e.s.security.JwtAuthFilter             : JWT filter: authentication set for riya@gmail.com with role STUDENT
2026-05-12T00:14:23.603+05:30 DEBUG 24428 --- [student-service] [http-nio-8082-exec-7] o.s.security.web.FilterChainProxy        : Secured GET /student/courses
2026-05-12T00:14:24.522+05:30 DEBUG 24428 --- [student-service] [http-nio-8082-exec-8] o.s.security.web.FilterChainProxy        : Securing GET /student/available-courses
2026-05-12T00:14:24.531+05:30 DEBUG 24428 --- [student-service] [http-nio-8082-exec-8] c.e.s.security.JwtAuthFilter             : JWT filter: token parsed successfully, subject=riya@gmail.com, role=STUDENT
2026-05-12T00:14:24.531+05:30 DEBUG 24428 --- [student-service] [http-nio-8082-exec-8] c.e.s.security.JwtAuthFilter             : JWT filter: authentication set for riya@gmail.com with role STUDENT
2026-05-12T00:14:24.533+05:30 DEBUG 24428 --- [student-service] [http-nio-8082-exec-8] o.s.security.web.FilterChainProxy        : Secured GET /student/available-courses
2026-05-12T00:14:24.589+05:30 DEBUG 24428 --- [student-service] [http-nio-8082-exec-9] o.s.security.web.FilterChainProxy        : Securing GET /student/available-courses
2026-05-12T00:14:24.595+05:30 DEBUG 24428 --- [student-service] [http-nio-8082-exec-9] c.e.s.security.JwtAuthFilter             : JWT filter: token parsed successfully, subject=riya@gmail.com, role=STUDENT
2026-05-12T00:14:24.595+05:30 DEBUG 24428 --- [student-service] [http-nio-8082-exec-9] c.e.s.security.JwtAuthFilter             : JWT filter: authentication set for riya@gmail.com with role STUDENT
2026-05-12T00:14:24.595+05:30 DEBUG 24428 --- [student-service] [http-nio-8082-exec-9] o.s.security.web.FilterChainProxy        : Secured GET /student/available-courses
2026-05-12T00:14:31.159+05:30 DEBUG 24428 --- [student-service] [http-nio-8082-exec-10] o.s.security.web.FilterChainProxy        : Securing GET /student/courses
2026-05-12T00:14:31.165+05:30 DEBUG 24428 --- [student-service] [http-nio-8082-exec-10] c.e.s.security.JwtAuthFilter             : JWT filter: token parsed successfully, subject=riya@gmail.com, role=STUDENT
2026-05-12T00:14:31.165+05:30 DEBUG 24428 --- [student-service] [http-nio-8082-exec-10] c.e.s.security.JwtAuthFilter             : JWT filter: authentication set for riya@gmail.com with role STUDENT
2026-05-12T00:14:31.165+05:30 DEBUG 24428 --- [student-service] [http-nio-8082-exec-10] o.s.security.web.FilterChainProxy        : Secured GET /student/courses
2026-05-12T00:14:31.199+05:30 DEBUG 24428 --- [student-service] [http-nio-8082-exec-2] o.s.security.web.FilterChainProxy        : Securing GET /student/courses
2026-05-12T00:14:31.203+05:30 DEBUG 24428 --- [student-service] [http-nio-8082-exec-2] c.e.s.security.JwtAuthFilter             : JWT filter: token parsed successfully, subject=riya@gmail.com, role=STUDENT
2026-05-12T00:14:31.204+05:30 DEBUG 24428 --- [student-service] [http-nio-8082-exec-2] c.e.s.security.JwtAuthFilter             : JWT filter: authentication set for riya@gmail.com with role STUDENT
2026-05-12T00:14:31.204+05:30 DEBUG 24428 --- [student-service] [http-nio-8082-exec-2] o.s.security.web.FilterChainProxy        : Secured GET /student/courses
2026-05-12T00:14:32.013+05:30 DEBUG 24428 --- [student-service] [http-nio-8082-exec-1] o.s.security.web.FilterChainProxy        : Securing GET /student/available-courses
2026-05-12T00:14:32.020+05:30 DEBUG 24428 --- [student-service] [http-nio-8082-exec-1] c.e.s.security.JwtAuthFilter             : JWT filter: token parsed successfully, subject=riya@gmail.com, role=STUDENT
2026-05-12T00:14:32.020+05:30 DEBUG 24428 --- [student-service] [http-nio-8082-exec-1] c.e.s.security.JwtAuthFilter             : JWT filter: authentication set for riya@gmail.com with role STUDENT
2026-05-12T00:14:32.021+05:30 DEBUG 24428 --- [student-service] [http-nio-8082-exec-1] o.s.security.web.FilterChainProxy        : Secured GET /student/available-courses
2026-05-12T00:14:32.074+05:30 DEBUG 24428 --- [student-service] [http-nio-8082-exec-3] o.s.security.web.FilterChainProxy        : Securing GET /student/available-courses
2026-05-12T00:14:32.074+05:30 DEBUG 24428 --- [student-service] [http-nio-8082-exec-3] c.e.s.security.JwtAuthFilter             : JWT filter: token parsed successfully, subject=riya@gmail.com, role=STUDENT
2026-05-12T00:14:32.074+05:30 DEBUG 24428 --- [student-service] [http-nio-8082-exec-3] c.e.s.security.JwtAuthFilter             : JWT filter: authentication set for riya@gmail.com with role STUDENT
2026-05-12T00:14:32.074+05:30 DEBUG 24428 --- [student-service] [http-nio-8082-exec-3] o.s.security.web.FilterChainProxy        : Secured GET /student/available-courses
2026-05-12T00:14:35.919+05:30 DEBUG 24428 --- [student-service] [http-nio-8082-exec-4] o.s.security.web.FilterChainProxy        : Securing POST /student/enroll
2026-05-12T00:14:35.923+05:30 DEBUG 24428 --- [student-service] [http-nio-8082-exec-4] c.e.s.security.JwtAuthFilter             : JWT filter: token parsed successfully, subject=riya@gmail.com, role=STUDENT
2026-05-12T00:14:35.923+05:30 DEBUG 24428 --- [student-service] [http-nio-8082-exec-4] c.e.s.security.JwtAuthFilter             : JWT filter: authentication set for riya@gmail.com with role STUDENT
2026-05-12T00:14:35.923+05:30 DEBUG 24428 --- [student-service] [http-nio-8082-exec-4] o.s.security.web.FilterChainProxy        : Secured POST /student/enroll
2026-05-12T00:14:37.977+05:30 DEBUG 24428 --- [student-service] [http-nio-8082-exec-5] o.s.security.web.FilterChainProxy        : Securing POST /student/enroll
2026-05-12T00:14:37.977+05:30 DEBUG 24428 --- [student-service] [http-nio-8082-exec-5] c.e.s.security.JwtAuthFilter             : JWT filter: token parsed successfully, subject=riya@gmail.com, role=STUDENT
2026-05-12T00:14:37.977+05:30 DEBUG 24428 --- [student-service] [http-nio-8082-exec-5] c.e.s.security.JwtAuthFilter             : JWT filter: authentication set for riya@gmail.com with role STUDENT
2026-05-12T00:14:37.977+05:30 DEBUG 24428 --- [student-service] [http-nio-8082-exec-5] o.s.security.web.FilterChainProxy        : Secured POST /student/enroll
2026-05-12T00:14:39.247+05:30 DEBUG 24428 --- [student-service] [http-nio-8082-exec-6] o.s.security.web.FilterChainProxy        : Securing GET /student/courses
2026-05-12T00:14:39.254+05:30 DEBUG 24428 --- [student-service] [http-nio-8082-exec-6] c.e.s.security.JwtAuthFilter             : JWT filter: token parsed successfully, subject=riya@gmail.com, role=STUDENT
2026-05-12T00:14:39.254+05:30 DEBUG 24428 --- [student-service] [http-nio-8082-exec-6] c.e.s.security.JwtAuthFilter             : JWT filter: authentication set for riya@gmail.com with role STUDENT
2026-05-12T00:14:39.254+05:30 DEBUG 24428 --- [student-service] [http-nio-8082-exec-6] o.s.security.web.FilterChainProxy        : Secured GET /student/courses
2026-05-12T00:14:39.292+05:30 DEBUG 24428 --- [student-service] [http-nio-8082-exec-7] o.s.security.web.FilterChainProxy        : Securing GET /student/courses
2026-05-12T00:14:39.301+05:30 DEBUG 24428 --- [student-service] [http-nio-8082-exec-7] c.e.s.security.JwtAuthFilter             : JWT filter: token parsed successfully, subject=riya@gmail.com, role=STUDENT
2026-05-12T00:14:39.302+05:30 DEBUG 24428 --- [student-service] [http-nio-8082-exec-7] c.e.s.security.JwtAuthFilter             : JWT filter: authentication set for riya@gmail.com with role STUDENT
2026-05-12T00:14:39.303+05:30 DEBUG 24428 --- [student-service] [http-nio-8082-exec-7] o.s.security.web.FilterChainProxy        : Secured GET /student/courses
2026-05-12T00:14:41.210+05:30 DEBUG 24428 --- [student-service] [http-nio-8082-exec-8] o.s.security.web.FilterChainProxy        : Securing GET /student/courses
2026-05-12T00:14:41.218+05:30 DEBUG 24428 --- [student-service] [http-nio-8082-exec-8] c.e.s.security.JwtAuthFilter             : JWT filter: token parsed successfully, subject=riya@gmail.com, role=STUDENT
2026-05-12T00:14:41.218+05:30 DEBUG 24428 --- [student-service] [http-nio-8082-exec-8] c.e.s.security.JwtAuthFilter             : JWT filter: authentication set for riya@gmail.com with role STUDENT
2026-05-12T00:14:41.218+05:30 DEBUG 24428 --- [student-service] [http-nio-8082-exec-8] o.s.security.web.FilterChainProxy        : Secured GET /student/courses
2026-05-12T00:14:41.255+05:30 DEBUG 24428 --- [student-service] [http-nio-8082-exec-9] o.s.security.web.FilterChainProxy        : Securing GET /student/courses
2026-05-12T00:14:41.264+05:30 DEBUG 24428 --- [student-service] [http-nio-8082-exec-9] c.e.s.security.JwtAuthFilter             : JWT filter: token parsed successfully, subject=riya@gmail.com, role=STUDENT
2026-05-12T00:14:41.265+05:30 DEBUG 24428 --- [student-service] [http-nio-8082-exec-9] c.e.s.security.JwtAuthFilter             : JWT filter: authentication set for riya@gmail.com with role STUDENT
2026-05-12T00:14:41.266+05:30 DEBUG 24428 --- [student-service] [http-nio-8082-exec-9] o.s.security.web.FilterChainProxy        : Secured GET /student/courses
2026-05-12T00:14:46.030+05:30 DEBUG 24428 --- [student-service] [http-nio-8082-exec-10] o.s.security.web.FilterChainProxy        : Securing GET /student/courses
2026-05-12T00:14:46.035+05:30 DEBUG 24428 --- [student-service] [http-nio-8082-exec-10] c.e.s.security.JwtAuthFilter             : JWT filter: token parsed successfully, subject=riya@gmail.com, role=STUDENT
2026-05-12T00:14:46.035+05:30 DEBUG 24428 --- [student-service] [http-nio-8082-exec-10] c.e.s.security.JwtAuthFilter             : JWT filter: authentication set for riya@gmail.com with role STUDENT
2026-05-12T00:14:46.035+05:30 DEBUG 24428 --- [student-service] [http-nio-8082-exec-10] o.s.security.web.FilterChainProxy        : Secured GET /student/courses
2026-05-12T00:14:46.076+05:30 DEBUG 24428 --- [student-service] [http-nio-8082-exec-2] o.s.security.web.FilterChainProxy        : Securing GET /student/courses
2026-05-12T00:14:46.086+05:30 DEBUG 24428 --- [student-service] [http-nio-8082-exec-2] c.e.s.security.JwtAuthFilter             : JWT filter: token parsed successfully, subject=riya@gmail.com, role=STUDENT
2026-05-12T00:14:46.086+05:30 DEBUG 24428 --- [student-service] [http-nio-8082-exec-2] c.e.s.security.JwtAuthFilter             : JWT filter: authentication set for riya@gmail.com with role STUDENT
2026-05-12T00:14:46.086+05:30 DEBUG 24428 --- [student-service] [http-nio-8082-exec-2] o.s.security.web.FilterChainProxy        : Secured GET /student/courses
2026-05-12T00:14:51.671+05:30 DEBUG 24428 --- [student-service] [http-nio-8082-exec-1] o.s.security.web.FilterChainProxy        : Securing GET /student/courses
2026-05-12T00:14:51.671+05:30 DEBUG 24428 --- [student-service] [http-nio-8082-exec-1] c.e.s.security.JwtAuthFilter             : JWT filter: token parsed successfully, subject=riya@gmail.com, role=STUDENT
2026-05-12T00:14:51.671+05:30 DEBUG 24428 --- [student-service] [http-nio-8082-exec-1] c.e.s.security.JwtAuthFilter             : JWT filter: authentication set for riya@gmail.com with role STUDENT
2026-05-12T00:14:51.671+05:30 DEBUG 24428 --- [student-service] [http-nio-8082-exec-1] o.s.security.web.FilterChainProxy        : Secured GET /student/courses
2026-05-12T00:14:51.701+05:30 DEBUG 24428 --- [student-service] [http-nio-8082-exec-3] o.s.security.web.FilterChainProxy        : Securing GET /student/courses
2026-05-12T00:14:51.707+05:30 DEBUG 24428 --- [student-service] [http-nio-8082-exec-3] c.e.s.security.JwtAuthFilter             : JWT filter: token parsed successfully, subject=riya@gmail.com, role=STUDENT
2026-05-12T00:14:51.708+05:30 DEBUG 24428 --- [student-service] [http-nio-8082-exec-3] c.e.s.security.JwtAuthFilter             : JWT filter: authentication set for riya@gmail.com with role STUDENT
2026-05-12T00:14:51.709+05:30 DEBUG 24428 --- [student-service] [http-nio-8082-exec-3] o.s.security.web.FilterChainProxy        : Secured GET /student/courses
2026-05-12T00:14:55.750+05:30 DEBUG 24428 --- [student-service] [http-nio-8082-exec-4] o.s.security.web.FilterChainProxy        : Securing GET /student/available-courses
2026-05-12T00:14:55.755+05:30 DEBUG 24428 --- [student-service] [http-nio-8082-exec-4] c.e.s.security.JwtAuthFilter             : JWT filter: token parsed successfully, subject=riya@gmail.com, role=STUDENT
2026-05-12T00:14:55.757+05:30 DEBUG 24428 --- [student-service] [http-nio-8082-exec-4] c.e.s.security.JwtAuthFilter             : JWT filter: authentication set for riya@gmail.com with role STUDENT
2026-05-12T00:14:55.757+05:30 DEBUG 24428 --- [student-service] [http-nio-8082-exec-4] o.s.security.web.FilterChainProxy        : Secured GET /student/available-courses
2026-05-12T00:14:55.814+05:30 DEBUG 24428 --- [student-service] [http-nio-8082-exec-5] o.s.security.web.FilterChainProxy        : Securing GET /student/available-courses
2026-05-12T00:14:55.821+05:30 DEBUG 24428 --- [student-service] [http-nio-8082-exec-5] c.e.s.security.JwtAuthFilter             : JWT filter: token parsed successfully, subject=riya@gmail.com, role=STUDENT
2026-05-12T00:14:55.822+05:30 DEBUG 24428 --- [student-service] [http-nio-8082-exec-5] c.e.s.security.JwtAuthFilter             : JWT filter: authentication set for riya@gmail.com with role STUDENT
2026-05-12T00:14:55.823+05:30 DEBUG 24428 --- [student-service] [http-nio-8082-exec-5] o.s.security.web.FilterChainProxy        : Secured GET /student/available-courses
2026-05-12T00:14:56.904+05:30 DEBUG 24428 --- [student-service] [http-nio-8082-exec-6] o.s.security.web.FilterChainProxy        : Securing GET /student/courses
2026-05-12T00:14:56.914+05:30 DEBUG 24428 --- [student-service] [http-nio-8082-exec-6] c.e.s.security.JwtAuthFilter             : JWT filter: token parsed successfully, subject=riya@gmail.com, role=STUDENT
2026-05-12T00:14:56.919+05:30 DEBUG 24428 --- [student-service] [http-nio-8082-exec-6] c.e.s.security.JwtAuthFilter             : JWT filter: authentication set for riya@gmail.com with role STUDENT
2026-05-12T00:14:56.919+05:30 DEBUG 24428 --- [student-service] [http-nio-8082-exec-6] o.s.security.web.FilterChainProxy        : Secured GET /student/courses
2026-05-12T00:14:56.973+05:30 DEBUG 24428 --- [student-service] [http-nio-8082-exec-7] o.s.security.web.FilterChainProxy        : Securing GET /student/courses
2026-05-12T00:14:56.986+05:30 DEBUG 24428 --- [student-service] [http-nio-8082-exec-7] c.e.s.security.JwtAuthFilter             : JWT filter: token parsed successfully, subject=riya@gmail.com, role=STUDENT
2026-05-12T00:14:56.986+05:30 DEBUG 24428 --- [student-service] [http-nio-8082-exec-7] c.e.s.security.JwtAuthFilter             : JWT filter: authentication set for riya@gmail.com with role STUDENT
2026-05-12T00:14:56.986+05:30 DEBUG 24428 --- [student-service] [http-nio-8082-exec-7] o.s.security.web.FilterChainProxy        : Secured GET /student/courses
2026-05-12T00:19:51.121+05:30 DEBUG 24428 --- [student-service] [http-nio-8082-exec-9] o.s.security.web.FilterChainProxy        : Securing GET /student/available-courses
2026-05-12T00:19:51.130+05:30 DEBUG 24428 --- [student-service] [http-nio-8082-exec-9] c.e.s.security.JwtAuthFilter             : JWT filter: token parsed successfully, subject=riya@gmail.com, role=STUDENT
2026-05-12T00:19:51.130+05:30 DEBUG 24428 --- [student-service] [http-nio-8082-exec-9] c.e.s.security.JwtAuthFilter             : JWT filter: authentication set for riya@gmail.com with role STUDENT
2026-05-12T00:19:51.131+05:30 DEBUG 24428 --- [student-service] [http-nio-8082-exec-9] o.s.security.web.FilterChainProxy        : Secured GET /student/available-courses
2026-05-12T00:19:51.193+05:30 DEBUG 24428 --- [student-service] [http-nio-8082-exec-10] o.s.security.web.FilterChainProxy        : Securing GET /student/available-courses
2026-05-12T00:19:51.205+05:30 DEBUG 24428 --- [student-service] [http-nio-8082-exec-10] c.e.s.security.JwtAuthFilter             : JWT filter: token parsed successfully, subject=riya@gmail.com, role=STUDENT
2026-05-12T00:19:51.205+05:30 DEBUG 24428 --- [student-service] [http-nio-8082-exec-10] c.e.s.security.JwtAuthFilter             : JWT filter: authentication set for riya@gmail.com with role STUDENT
2026-05-12T00:19:51.205+05:30 DEBUG 24428 --- [student-service] [http-nio-8082-exec-10] o.s.security.web.FilterChainProxy        : Secured GET /student/available-courses
2026-05-12T00:19:54.807+05:30 DEBUG 24428 --- [student-service] [http-nio-8082-exec-2] o.s.security.web.FilterChainProxy        : Securing GET /student/courses
2026-05-12T00:19:54.813+05:30 DEBUG 24428 --- [student-service] [http-nio-8082-exec-2] c.e.s.security.JwtAuthFilter             : JWT filter: token parsed successfully, subject=riya@gmail.com, role=STUDENT
2026-05-12T00:19:54.814+05:30 DEBUG 24428 --- [student-service] [http-nio-8082-exec-2] c.e.s.security.JwtAuthFilter             : JWT filter: authentication set for riya@gmail.com with role STUDENT
2026-05-12T00:19:54.814+05:30 DEBUG 24428 --- [student-service] [http-nio-8082-exec-2] o.s.security.web.FilterChainProxy        : Secured GET /student/courses
2026-05-12T00:19:54.851+05:30 DEBUG 24428 --- [student-service] [http-nio-8082-exec-1] o.s.security.web.FilterChainProxy        : Securing GET /student/courses
2026-05-12T00:19:54.857+05:30 DEBUG 24428 --- [student-service] [http-nio-8082-exec-1] c.e.s.security.JwtAuthFilter             : JWT filter: token parsed successfully, subject=riya@gmail.com, role=STUDENT
2026-05-12T00:19:54.857+05:30 DEBUG 24428 --- [student-service] [http-nio-8082-exec-1] c.e.s.security.JwtAuthFilter             : JWT filter: authentication set for riya@gmail.com with role STUDENT
2026-05-12T00:19:54.857+05:30 DEBUG 24428 --- [student-service] [http-nio-8082-exec-1] o.s.security.web.FilterChainProxy        : Secured GET /student/courses
2026-05-12T00:19:58.897+05:30 DEBUG 24428 --- [student-service] [http-nio-8082-exec-3] o.s.security.web.FilterChainProxy        : Securing GET /student/available-courses
2026-05-12T00:19:58.905+05:30 DEBUG 24428 --- [student-service] [http-nio-8082-exec-3] c.e.s.security.JwtAuthFilter             : JWT filter: token parsed successfully, subject=riya@gmail.com, role=STUDENT
2026-05-12T00:19:58.905+05:30 DEBUG 24428 --- [student-service] [http-nio-8082-exec-3] c.e.s.security.JwtAuthFilter             : JWT filter: authentication set for riya@gmail.com with role STUDENT
2026-05-12T00:19:58.906+05:30 DEBUG 24428 --- [student-service] [http-nio-8082-exec-3] o.s.security.web.FilterChainProxy        : Secured GET /student/available-courses
2026-05-12T00:19:58.954+05:30 DEBUG 24428 --- [student-service] [http-nio-8082-exec-4] o.s.security.web.FilterChainProxy        : Securing GET /student/available-courses
2026-05-12T00:19:58.969+05:30 DEBUG 24428 --- [student-service] [http-nio-8082-exec-4] c.e.s.security.JwtAuthFilter             : JWT filter: token parsed successfully, subject=riya@gmail.com, role=STUDENT
2026-05-12T00:19:58.969+05:30 DEBUG 24428 --- [student-service] [http-nio-8082-exec-4] c.e.s.security.JwtAuthFilter             : JWT filter: authentication set for riya@gmail.com with role STUDENT
2026-05-12T00:19:58.969+05:30 DEBUG 24428 --- [student-service] [http-nio-8082-exec-4] o.s.security.web.FilterChainProxy        : Secured GET /student/available-courses
2026-05-12T00:20:02.069+05:30 DEBUG 24428 --- [student-service] [http-nio-8082-exec-5] o.s.security.web.FilterChainProxy        : Securing GET /student/courses
2026-05-12T00:20:02.076+05:30 DEBUG 24428 --- [student-service] [http-nio-8082-exec-5] c.e.s.security.JwtAuthFilter             : JWT filter: token parsed successfully, subject=riya@gmail.com, role=STUDENT
2026-05-12T00:20:02.076+05:30 DEBUG 24428 --- [student-service] [http-nio-8082-exec-5] c.e.s.security.JwtAuthFilter             : JWT filter: authentication set for riya@gmail.com with role STUDENT
2026-05-12T00:20:02.077+05:30 DEBUG 24428 --- [student-service] [http-nio-8082-exec-5] o.s.security.web.FilterChainProxy        : Secured GET /student/courses
2026-05-12T00:20:02.104+05:30 DEBUG 24428 --- [student-service] [http-nio-8082-exec-6] o.s.security.web.FilterChainProxy        : Securing GET /student/courses
2026-05-12T00:20:02.115+05:30 DEBUG 24428 --- [student-service] [http-nio-8082-exec-6] c.e.s.security.JwtAuthFilter             : JWT filter: token parsed successfully, subject=riya@gmail.com, role=STUDENT
2026-05-12T00:20:02.115+05:30 DEBUG 24428 --- [student-service] [http-nio-8082-exec-6] c.e.s.security.JwtAuthFilter             : JWT filter: authentication set for riya@gmail.com with role STUDENT
2026-05-12T00:20:02.115+05:30 DEBUG 24428 --- [student-service] [http-nio-8082-exec-6] o.s.security.web.FilterChainProxy        : Secured GET /student/courses
2026-05-12T00:20:04.358+05:30 DEBUG 24428 --- [student-service] [http-nio-8082-exec-7] o.s.security.web.FilterChainProxy        : Securing GET /student/available-courses
2026-05-12T00:20:04.365+05:30 DEBUG 24428 --- [student-service] [http-nio-8082-exec-7] c.e.s.security.JwtAuthFilter             : JWT filter: token parsed successfully, subject=riya@gmail.com, role=STUDENT
2026-05-12T00:20:04.366+05:30 DEBUG 24428 --- [student-service] [http-nio-8082-exec-7] c.e.s.security.JwtAuthFilter             : JWT filter: authentication set for riya@gmail.com with role STUDENT
2026-05-12T00:20:04.366+05:30 DEBUG 24428 --- [student-service] [http-nio-8082-exec-7] o.s.security.web.FilterChainProxy        : Secured GET /student/available-courses
2026-05-12T00:20:04.429+05:30 DEBUG 24428 --- [student-service] [http-nio-8082-exec-8] o.s.security.web.FilterChainProxy        : Securing GET /student/available-courses
2026-05-12T00:20:04.433+05:30 DEBUG 24428 --- [student-service] [http-nio-8082-exec-8] c.e.s.security.JwtAuthFilter             : JWT filter: token parsed successfully, subject=riya@gmail.com, role=STUDENT
2026-05-12T00:20:04.435+05:30 DEBUG 24428 --- [student-service] [http-nio-8082-exec-8] c.e.s.security.JwtAuthFilter             : JWT filter: authentication set for riya@gmail.com with role STUDENT
2026-05-12T00:20:04.435+05:30 DEBUG 24428 --- [student-service] [http-nio-8082-exec-8] o.s.security.web.FilterChainProxy        : Secured GET /student/available-courses
2026-05-12T00:29:02.091+05:30 DEBUG 24428 --- [student-service] [http-nio-8082-exec-10] o.s.security.web.FilterChainProxy        : Securing GET /student/courses
2026-05-12T00:29:02.108+05:30 DEBUG 24428 --- [student-service] [http-nio-8082-exec-10] c.e.s.security.JwtAuthFilter             : JWT filter: token parsed successfully, subject=riya@gmail.com, role=STUDENT
2026-05-12T00:29:02.108+05:30 DEBUG 24428 --- [student-service] [http-nio-8082-exec-10] c.e.s.security.JwtAuthFilter             : JWT filter: authentication set for riya@gmail.com with role STUDENT
2026-05-12T00:29:02.108+05:30 DEBUG 24428 --- [student-service] [http-nio-8082-exec-10] o.s.security.web.FilterChainProxy        : Secured GET /student/courses
2026-05-12T00:29:02.150+05:30 DEBUG 24428 --- [student-service] [http-nio-8082-exec-2] o.s.security.web.FilterChainProxy        : Securing GET /student/courses
2026-05-12T00:29:02.158+05:30 DEBUG 24428 --- [student-service] [http-nio-8082-exec-2] c.e.s.security.JwtAuthFilter             : JWT filter: token parsed successfully, subject=riya@gmail.com, role=STUDENT
2026-05-12T00:29:02.158+05:30 DEBUG 24428 --- [student-service] [http-nio-8082-exec-2] c.e.s.security.JwtAuthFilter             : JWT filter: authentication set for riya@gmail.com with role STUDENT
2026-05-12T00:29:02.158+05:30 DEBUG 24428 --- [student-service] [http-nio-8082-exec-2] o.s.security.web.FilterChainProxy        : Secured GET /student/courses
2026-05-12T00:30:53.710+05:30 DEBUG 24428 --- [student-service] [http-nio-8082-exec-3] o.s.security.web.FilterChainProxy        : Securing GET /student/courses
2026-05-12T00:30:53.710+05:30 DEBUG 24428 --- [student-service] [http-nio-8082-exec-3] c.e.s.security.JwtAuthFilter             : JWT filter: token parsed successfully, subject=riya@gmail.com, role=STUDENT
2026-05-12T00:30:53.710+05:30 DEBUG 24428 --- [student-service] [http-nio-8082-exec-3] c.e.s.security.JwtAuthFilter             : JWT filter: authentication set for riya@gmail.com with role STUDENT
2026-05-12T00:30:53.713+05:30 DEBUG 24428 --- [student-service] [http-nio-8082-exec-3] o.s.security.web.FilterChainProxy        : Secured GET /student/courses
2026-05-12T00:30:53.735+05:30 DEBUG 24428 --- [student-service] [http-nio-8082-exec-4] o.s.security.web.FilterChainProxy        : Securing GET /student/courses
2026-05-12T00:30:53.741+05:30 DEBUG 24428 --- [student-service] [http-nio-8082-exec-4] c.e.s.security.JwtAuthFilter             : JWT filter: token parsed successfully, subject=riya@gmail.com, role=STUDENT
2026-05-12T00:30:53.742+05:30 DEBUG 24428 --- [student-service] [http-nio-8082-exec-4] c.e.s.security.JwtAuthFilter             : JWT filter: authentication set for riya@gmail.com with role STUDENT
2026-05-12T00:30:53.742+05:30 DEBUG 24428 --- [student-service] [http-nio-8082-exec-4] o.s.security.web.FilterChainProxy        : Secured GET /student/courses
2026-05-12T00:30:57.781+05:30 DEBUG 24428 --- [student-service] [http-nio-8082-exec-5] o.s.security.web.FilterChainProxy        : Securing GET /student/courses
2026-05-12T00:30:57.788+05:30 DEBUG 24428 --- [student-service] [http-nio-8082-exec-5] c.e.s.security.JwtAuthFilter             : JWT filter: token parsed successfully, subject=riya@gmail.com, role=STUDENT
2026-05-12T00:30:57.788+05:30 DEBUG 24428 --- [student-service] [http-nio-8082-exec-5] c.e.s.security.JwtAuthFilter             : JWT filter: authentication set for riya@gmail.com with role STUDENT
2026-05-12T00:30:57.789+05:30 DEBUG 24428 --- [student-service] [http-nio-8082-exec-5] o.s.security.web.FilterChainProxy        : Secured GET /student/courses
2026-05-12T00:30:57.819+05:30 DEBUG 24428 --- [student-service] [http-nio-8082-exec-6] o.s.security.web.FilterChainProxy        : Securing GET /student/courses
2026-05-12T00:30:57.825+05:30 DEBUG 24428 --- [student-service] [http-nio-8082-exec-6] c.e.s.security.JwtAuthFilter             : JWT filter: token parsed successfully, subject=riya@gmail.com, role=STUDENT
2026-05-12T00:30:57.825+05:30 DEBUG 24428 --- [student-service] [http-nio-8082-exec-6] c.e.s.security.JwtAuthFilter             : JWT filter: authentication set for riya@gmail.com with role STUDENT
2026-05-12T00:30:57.826+05:30 DEBUG 24428 --- [student-service] [http-nio-8082-exec-6] o.s.security.web.FilterChainProxy        : Secured GET /student/courses
2026-05-12T00:31:02.604+05:30 DEBUG 24428 --- [student-service] [http-nio-8082-exec-7] o.s.security.web.FilterChainProxy        : Securing GET /student/courses
2026-05-12T00:31:02.613+05:30 DEBUG 24428 --- [student-service] [http-nio-8082-exec-7] c.e.s.security.JwtAuthFilter             : JWT filter: token parsed successfully, subject=riya@gmail.com, role=STUDENT
2026-05-12T00:31:02.614+05:30 DEBUG 24428 --- [student-service] [http-nio-8082-exec-7] c.e.s.security.JwtAuthFilter             : JWT filter: authentication set for riya@gmail.com with role STUDENT
2026-05-12T00:31:02.614+05:30 DEBUG 24428 --- [student-service] [http-nio-8082-exec-7] o.s.security.web.FilterChainProxy        : Secured GET /student/courses
2026-05-12T00:31:02.652+05:30 DEBUG 24428 --- [student-service] [http-nio-8082-exec-8] o.s.security.web.FilterChainProxy        : Securing GET /student/courses
2026-05-12T00:31:02.671+05:30 DEBUG 24428 --- [student-service] [http-nio-8082-exec-8] c.e.s.security.JwtAuthFilter             : JWT filter: token parsed successfully, subject=riya@gmail.com, role=STUDENT
2026-05-12T00:31:02.671+05:30 DEBUG 24428 --- [student-service] [http-nio-8082-exec-8] c.e.s.security.JwtAuthFilter             : JWT filter: authentication set for riya@gmail.com with role STUDENT
2026-05-12T00:31:02.671+05:30 DEBUG 24428 --- [student-service] [http-nio-8082-exec-8] o.s.security.web.FilterChainProxy        : Secured GET /student/courses
2026-05-12T00:31:03.670+05:30 DEBUG 24428 --- [student-service] [http-nio-8082-exec-9] o.s.security.web.FilterChainProxy        : Securing GET /student/available-courses
2026-05-12T00:31:03.675+05:30 DEBUG 24428 --- [student-service] [http-nio-8082-exec-9] c.e.s.security.JwtAuthFilter             : JWT filter: token parsed successfully, subject=riya@gmail.com, role=STUDENT
2026-05-12T00:31:03.675+05:30 DEBUG 24428 --- [student-service] [http-nio-8082-exec-9] c.e.s.security.JwtAuthFilter             : JWT filter: authentication set for riya@gmail.com with role STUDENT
2026-05-12T00:31:03.675+05:30 DEBUG 24428 --- [student-service] [http-nio-8082-exec-9] o.s.security.web.FilterChainProxy        : Secured GET /student/available-courses
2026-05-12T00:31:03.755+05:30 DEBUG 24428 --- [student-service] [http-nio-8082-exec-10] o.s.security.web.FilterChainProxy        : Securing GET /student/available-courses
2026-05-12T00:31:03.768+05:30 DEBUG 24428 --- [student-service] [http-nio-8082-exec-10] c.e.s.security.JwtAuthFilter             : JWT filter: token parsed successfully, subject=riya@gmail.com, role=STUDENT
2026-05-12T00:31:03.769+05:30 DEBUG 24428 --- [student-service] [http-nio-8082-exec-10] c.e.s.security.JwtAuthFilter             : JWT filter: authentication set for riya@gmail.com with role STUDENT
2026-05-12T00:31:03.769+05:30 DEBUG 24428 --- [student-service] [http-nio-8082-exec-10] o.s.security.web.FilterChainProxy        : Secured GET /student/available-courses
2026-05-12T00:31:05.569+05:30 DEBUG 24428 --- [student-service] [http-nio-8082-exec-2] o.s.security.web.FilterChainProxy        : Securing POST /student/enroll
2026-05-12T00:31:05.585+05:30 DEBUG 24428 --- [student-service] [http-nio-8082-exec-2] c.e.s.security.JwtAuthFilter             : JWT filter: token parsed successfully, subject=riya@gmail.com, role=STUDENT
2026-05-12T00:31:05.585+05:30 DEBUG 24428 --- [student-service] [http-nio-8082-exec-2] c.e.s.security.JwtAuthFilter             : JWT filter: authentication set for riya@gmail.com with role STUDENT
2026-05-12T00:31:05.585+05:30 DEBUG 24428 --- [student-service] [http-nio-8082-exec-2] o.s.security.web.FilterChainProxy        : Secured POST /student/enroll
2026-05-12T00:31:07.535+05:30 DEBUG 24428 --- [student-service] [http-nio-8082-exec-1] o.s.security.web.FilterChainProxy        : Securing GET /student/courses
2026-05-12T00:31:07.539+05:30 DEBUG 24428 --- [student-service] [http-nio-8082-exec-1] c.e.s.security.JwtAuthFilter             : JWT filter: token parsed successfully, subject=riya@gmail.com, role=STUDENT
2026-05-12T00:31:07.539+05:30 DEBUG 24428 --- [student-service] [http-nio-8082-exec-1] c.e.s.security.JwtAuthFilter             : JWT filter: authentication set for riya@gmail.com with role STUDENT
2026-05-12T00:31:07.539+05:30 DEBUG 24428 --- [student-service] [http-nio-8082-exec-1] o.s.security.web.FilterChainProxy        : Secured GET /student/courses
2026-05-12T00:31:07.569+05:30 DEBUG 24428 --- [student-service] [http-nio-8082-exec-3] o.s.security.web.FilterChainProxy        : Securing GET /student/courses
2026-05-12T00:31:07.575+05:30 DEBUG 24428 --- [student-service] [http-nio-8082-exec-3] c.e.s.security.JwtAuthFilter             : JWT filter: token parsed successfully, subject=riya@gmail.com, role=STUDENT
2026-05-12T00:31:07.575+05:30 DEBUG 24428 --- [student-service] [http-nio-8082-exec-3] c.e.s.security.JwtAuthFilter             : JWT filter: authentication set for riya@gmail.com with role STUDENT
2026-05-12T00:31:07.576+05:30 DEBUG 24428 --- [student-service] [http-nio-8082-exec-3] o.s.security.web.FilterChainProxy        : Secured GET /student/courses
2026-05-12T00:31:08.652+05:30 DEBUG 24428 --- [student-service] [http-nio-8082-exec-4] o.s.security.web.FilterChainProxy        : Securing GET /student/courses
2026-05-12T00:31:08.652+05:30 DEBUG 24428 --- [student-service] [http-nio-8082-exec-4] c.e.s.security.JwtAuthFilter             : JWT filter: token parsed successfully, subject=riya@gmail.com, role=STUDENT
2026-05-12T00:31:08.652+05:30 DEBUG 24428 --- [student-service] [http-nio-8082-exec-4] c.e.s.security.JwtAuthFilter             : JWT filter: authentication set for riya@gmail.com with role STUDENT
2026-05-12T00:31:08.652+05:30 DEBUG 24428 --- [student-service] [http-nio-8082-exec-4] o.s.security.web.FilterChainProxy        : Secured GET /student/courses
2026-05-12T00:31:08.674+05:30 DEBUG 24428 --- [student-service] [http-nio-8082-exec-5] o.s.security.web.FilterChainProxy        : Securing GET /student/courses
2026-05-12T00:31:08.684+05:30 DEBUG 24428 --- [student-service] [http-nio-8082-exec-5] c.e.s.security.JwtAuthFilter             : JWT filter: token parsed successfully, subject=riya@gmail.com, role=STUDENT
2026-05-12T00:31:08.685+05:30 DEBUG 24428 --- [student-service] [http-nio-8082-exec-5] c.e.s.security.JwtAuthFilter             : JWT filter: authentication set for riya@gmail.com with role STUDENT
2026-05-12T00:31:08.685+05:30 DEBUG 24428 --- [student-service] [http-nio-8082-exec-5] o.s.security.web.FilterChainProxy        : Secured GET /student/courses
2026-05-12T00:31:59.656+05:30 DEBUG 24428 --- [student-service] [http-nio-8082-exec-6] o.s.security.web.FilterChainProxy        : Securing GET /student/available-courses
2026-05-12T00:31:59.662+05:30 DEBUG 24428 --- [student-service] [http-nio-8082-exec-6] c.e.s.security.JwtAuthFilter             : JWT filter: token parsed successfully, subject=riya@gmail.com, role=STUDENT
2026-05-12T00:31:59.662+05:30 DEBUG 24428 --- [student-service] [http-nio-8082-exec-6] c.e.s.security.JwtAuthFilter             : JWT filter: authentication set for riya@gmail.com with role STUDENT
2026-05-12T00:31:59.663+05:30 DEBUG 24428 --- [student-service] [http-nio-8082-exec-6] o.s.security.web.FilterChainProxy        : Secured GET /student/available-courses
2026-05-12T00:31:59.702+05:30 DEBUG 24428 --- [student-service] [http-nio-8082-exec-7] o.s.security.web.FilterChainProxy        : Securing GET /student/available-courses
2026-05-12T00:31:59.702+05:30 DEBUG 24428 --- [student-service] [http-nio-8082-exec-7] c.e.s.security.JwtAuthFilter             : JWT filter: token parsed successfully, subject=riya@gmail.com, role=STUDENT
2026-05-12T00:31:59.702+05:30 DEBUG 24428 --- [student-service] [http-nio-8082-exec-7] c.e.s.security.JwtAuthFilter             : JWT filter: authentication set for riya@gmail.com with role STUDENT
2026-05-12T00:31:59.702+05:30 DEBUG 24428 --- [student-service] [http-nio-8082-exec-7] o.s.security.web.FilterChainProxy        : Secured GET /student/available-courses
2026-05-12T00:32:01.499+05:30 DEBUG 24428 --- [student-service] [http-nio-8082-exec-8] o.s.security.web.FilterChainProxy        : Securing POST /student/enroll
2026-05-12T00:32:01.499+05:30 DEBUG 24428 --- [student-service] [http-nio-8082-exec-8] c.e.s.security.JwtAuthFilter             : JWT filter: token parsed successfully, subject=riya@gmail.com, role=STUDENT
2026-05-12T00:32:01.499+05:30 DEBUG 24428 --- [student-service] [http-nio-8082-exec-8] c.e.s.security.JwtAuthFilter             : JWT filter: authentication set for riya@gmail.com with role STUDENT
2026-05-12T00:32:01.499+05:30 DEBUG 24428 --- [student-service] [http-nio-8082-exec-8] o.s.security.web.FilterChainProxy        : Secured POST /student/enroll
2026-05-12T00:32:03.736+05:30 DEBUG 24428 --- [student-service] [http-nio-8082-exec-9] o.s.security.web.FilterChainProxy        : Securing GET /student/courses
2026-05-12T00:32:03.737+05:30 DEBUG 24428 --- [student-service] [http-nio-8082-exec-9] c.e.s.security.JwtAuthFilter             : JWT filter: token parsed successfully, subject=riya@gmail.com, role=STUDENT
2026-05-12T00:32:03.737+05:30 DEBUG 24428 --- [student-service] [http-nio-8082-exec-9] c.e.s.security.JwtAuthFilter             : JWT filter: authentication set for riya@gmail.com with role STUDENT
2026-05-12T00:32:03.737+05:30 DEBUG 24428 --- [student-service] [http-nio-8082-exec-9] o.s.security.web.FilterChainProxy        : Secured GET /student/courses
2026-05-12T00:32:03.751+05:30 DEBUG 24428 --- [student-service] [http-nio-8082-exec-10] o.s.security.web.FilterChainProxy        : Securing GET /student/courses
2026-05-12T00:32:03.768+05:30 DEBUG 24428 --- [student-service] [http-nio-8082-exec-10] c.e.s.security.JwtAuthFilter             : JWT filter: token parsed successfully, subject=riya@gmail.com, role=STUDENT
2026-05-12T00:32:03.768+05:30 DEBUG 24428 --- [student-service] [http-nio-8082-exec-10] c.e.s.security.JwtAuthFilter             : JWT filter: authentication set for riya@gmail.com with role STUDENT
2026-05-12T00:32:03.768+05:30 DEBUG 24428 --- [student-service] [http-nio-8082-exec-10] o.s.security.web.FilterChainProxy        : Secured GET /student/courses
2026-05-12T00:32:18.316+05:30 DEBUG 24428 --- [student-service] [http-nio-8082-exec-2] o.s.security.web.FilterChainProxy        : Securing GET /student/available-courses
2026-05-12T00:32:18.323+05:30 DEBUG 24428 --- [student-service] [http-nio-8082-exec-2] c.e.s.security.JwtAuthFilter             : JWT filter: token parsed successfully, subject=riya@gmail.com, role=STUDENT
2026-05-12T00:32:18.332+05:30 DEBUG 24428 --- [student-service] [http-nio-8082-exec-2] c.e.s.security.JwtAuthFilter             : JWT filter: authentication set for riya@gmail.com with role STUDENT
2026-05-12T00:32:18.334+05:30 DEBUG 24428 --- [student-service] [http-nio-8082-exec-2] o.s.security.web.FilterChainProxy        : Secured GET /student/available-courses
2026-05-12T00:32:18.398+05:30 DEBUG 24428 --- [student-service] [http-nio-8082-exec-1] o.s.security.web.FilterChainProxy        : Securing GET /student/available-courses
2026-05-12T00:32:18.400+05:30 DEBUG 24428 --- [student-service] [http-nio-8082-exec-1] c.e.s.security.JwtAuthFilter             : JWT filter: token parsed successfully, subject=riya@gmail.com, role=STUDENT
2026-05-12T00:32:18.400+05:30 DEBUG 24428 --- [student-service] [http-nio-8082-exec-1] c.e.s.security.JwtAuthFilter             : JWT filter: authentication set for riya@gmail.com with role STUDENT
2026-05-12T00:32:18.400+05:30 DEBUG 24428 --- [student-service] [http-nio-8082-exec-1] o.s.security.web.FilterChainProxy        : Secured GET /student/available-courses
2026-05-12T00:32:19.575+05:30 DEBUG 24428 --- [student-service] [http-nio-8082-exec-3] o.s.security.web.FilterChainProxy        : Securing GET /student/courses
2026-05-12T00:32:19.582+05:30 DEBUG 24428 --- [student-service] [http-nio-8082-exec-3] c.e.s.security.JwtAuthFilter             : JWT filter: token parsed successfully, subject=riya@gmail.com, role=STUDENT
2026-05-12T00:32:19.582+05:30 DEBUG 24428 --- [student-service] [http-nio-8082-exec-3] c.e.s.security.JwtAuthFilter             : JWT filter: authentication set for riya@gmail.com with role STUDENT
2026-05-12T00:32:19.583+05:30 DEBUG 24428 --- [student-service] [http-nio-8082-exec-3] o.s.security.web.FilterChainProxy        : Secured GET /student/courses
2026-05-12T00:32:19.600+05:30 DEBUG 24428 --- [student-service] [http-nio-8082-exec-4] o.s.security.web.FilterChainProxy        : Securing GET /student/courses
2026-05-12T00:32:19.600+05:30 DEBUG 24428 --- [student-service] [http-nio-8082-exec-4] c.e.s.security.JwtAuthFilter             : JWT filter: token parsed successfully, subject=riya@gmail.com, role=STUDENT
2026-05-12T00:32:19.600+05:30 DEBUG 24428 --- [student-service] [http-nio-8082-exec-4] c.e.s.security.JwtAuthFilter             : JWT filter: authentication set for riya@gmail.com with role STUDENT
2026-05-12T00:32:19.600+05:30 DEBUG 24428 --- [student-service] [http-nio-8082-exec-4] o.s.security.web.FilterChainProxy        : Secured GET /student/courses
2026-05-12T00:35:21.139+05:30 DEBUG 24428 --- [student-service] [http-nio-8082-exec-6] o.s.security.web.FilterChainProxy        : Securing POST /student/assignments/upload
2026-05-12T00:35:21.139+05:30 DEBUG 24428 --- [student-service] [http-nio-8082-exec-6] c.e.s.security.JwtAuthFilter             : JWT filter: token parsed successfully, subject=riya@gmail.com, role=STUDENT
2026-05-12T00:35:21.139+05:30 DEBUG 24428 --- [student-service] [http-nio-8082-exec-6] c.e.s.security.JwtAuthFilter             : JWT filter: authentication set for riya@gmail.com with role STUDENT
2026-05-12T00:35:21.139+05:30 DEBUG 24428 --- [student-service] [http-nio-8082-exec-6] o.s.security.web.FilterChainProxy        : Secured POST /student/assignments/upload
2026-05-12T00:35:22.461+05:30  INFO 24428 --- [student-service] [http-nio-8082-exec-6] c.e.s.service.StudentService             : Assignment submitted by riya@gmail.com for course PHY101 (assignment #1)
2026-05-12T00:35:24.463+05:30 DEBUG 24428 --- [student-service] [http-nio-8082-exec-7] o.s.security.web.FilterChainProxy        : Securing POST /student/assignments/upload
2026-05-12T00:35:24.465+05:30 DEBUG 24428 --- [student-service] [http-nio-8082-exec-7] c.e.s.security.JwtAuthFilter             : JWT filter: token parsed successfully, subject=riya@gmail.com, role=STUDENT
2026-05-12T00:35:24.465+05:30 DEBUG 24428 --- [student-service] [http-nio-8082-exec-7] c.e.s.security.JwtAuthFilter             : JWT filter: authentication set for riya@gmail.com with role STUDENT
2026-05-12T00:35:24.465+05:30 DEBUG 24428 --- [student-service] [http-nio-8082-exec-7] o.s.security.web.FilterChainProxy        : Secured POST /student/assignments/upload
2026-05-12T00:35:24.572+05:30  INFO 24428 --- [student-service] [http-nio-8082-exec-7] c.e.s.service.StudentService             : Assignment submitted by riya@gmail.com for course PHY101 (assignment #1)
2026-05-12T00:37:02.619+05:30 DEBUG 24428 --- [student-service] [http-nio-8082-exec-9] o.s.security.web.FilterChainProxy        : Securing GET /student/courses
2026-05-12T00:37:02.624+05:30 DEBUG 24428 --- [student-service] [http-nio-8082-exec-9] c.e.s.security.JwtAuthFilter             : JWT filter: token parsed successfully, subject=riya@gmail.com, role=STUDENT
2026-05-12T00:37:02.624+05:30 DEBUG 24428 --- [student-service] [http-nio-8082-exec-9] c.e.s.security.JwtAuthFilter             : JWT filter: authentication set for riya@gmail.com with role STUDENT
2026-05-12T00:37:02.625+05:30 DEBUG 24428 --- [student-service] [http-nio-8082-exec-9] o.s.security.web.FilterChainProxy        : Secured GET /student/courses
2026-05-12T00:37:02.654+05:30 DEBUG 24428 --- [student-service] [http-nio-8082-exec-10] o.s.security.web.FilterChainProxy        : Securing GET /student/courses
2026-05-12T00:37:02.654+05:30 DEBUG 24428 --- [student-service] [http-nio-8082-exec-10] c.e.s.security.JwtAuthFilter             : JWT filter: token parsed successfully, subject=riya@gmail.com, role=STUDENT
2026-05-12T00:37:02.667+05:30 DEBUG 24428 --- [student-service] [http-nio-8082-exec-10] c.e.s.security.JwtAuthFilter             : JWT filter: authentication set for riya@gmail.com with role STUDENT
2026-05-12T00:37:02.667+05:30 DEBUG 24428 --- [student-service] [http-nio-8082-exec-10] o.s.security.web.FilterChainProxy        : Secured GET /student/courses
2026-05-12T00:37:18.730+05:30 DEBUG 24428 --- [student-service] [http-nio-8082-exec-2] o.s.security.web.FilterChainProxy        : Securing GET /student/courses
2026-05-12T00:37:18.736+05:30 DEBUG 24428 --- [student-service] [http-nio-8082-exec-2] c.e.s.security.JwtAuthFilter             : JWT filter: token parsed successfully, subject=riya@gmail.com, role=STUDENT
2026-05-12T00:37:18.736+05:30 DEBUG 24428 --- [student-service] [http-nio-8082-exec-2] c.e.s.security.JwtAuthFilter             : JWT filter: authentication set for riya@gmail.com with role STUDENT
2026-05-12T00:37:18.737+05:30 DEBUG 24428 --- [student-service] [http-nio-8082-exec-2] o.s.security.web.FilterChainProxy        : Secured GET /student/courses
2026-05-12T00:37:18.776+05:30 DEBUG 24428 --- [student-service] [http-nio-8082-exec-1] o.s.security.web.FilterChainProxy        : Securing GET /student/courses
2026-05-12T00:37:18.784+05:30 DEBUG 24428 --- [student-service] [http-nio-8082-exec-1] c.e.s.security.JwtAuthFilter             : JWT filter: token parsed successfully, subject=riya@gmail.com, role=STUDENT
2026-05-12T00:37:18.785+05:30 DEBUG 24428 --- [student-service] [http-nio-8082-exec-1] c.e.s.security.JwtAuthFilter             : JWT filter: authentication set for riya@gmail.com with role STUDENT
2026-05-12T00:37:18.785+05:30 DEBUG 24428 --- [student-service] [http-nio-8082-exec-1] o.s.security.web.FilterChainProxy        : Secured GET /student/courses
2026-05-12T00:37:30.776+05:30 DEBUG 24428 --- [student-service] [http-nio-8082-exec-3] o.s.security.web.FilterChainProxy        : Securing GET /student/courses
2026-05-12T00:37:30.791+05:30 DEBUG 24428 --- [student-service] [http-nio-8082-exec-3] c.e.s.security.JwtAuthFilter             : JWT filter: token parsed successfully, subject=riya@gmail.com, role=STUDENT
2026-05-12T00:37:30.791+05:30 DEBUG 24428 --- [student-service] [http-nio-8082-exec-3] c.e.s.security.JwtAuthFilter             : JWT filter: authentication set for riya@gmail.com with role STUDENT
2026-05-12T00:37:30.792+05:30 DEBUG 24428 --- [student-service] [http-nio-8082-exec-3] o.s.security.web.FilterChainProxy        : Secured GET /student/courses
2026-05-12T00:37:30.832+05:30 DEBUG 24428 --- [student-service] [http-nio-8082-exec-4] o.s.security.web.FilterChainProxy        : Securing GET /student/courses
2026-05-12T00:37:30.832+05:30 DEBUG 24428 --- [student-service] [http-nio-8082-exec-4] c.e.s.security.JwtAuthFilter             : JWT filter: token parsed successfully, subject=riya@gmail.com, role=STUDENT
2026-05-12T00:37:30.832+05:30 DEBUG 24428 --- [student-service] [http-nio-8082-exec-4] c.e.s.security.JwtAuthFilter             : JWT filter: authentication set for riya@gmail.com with role STUDENT
2026-05-12T00:37:30.848+05:30 DEBUG 24428 --- [student-service] [http-nio-8082-exec-4] o.s.security.web.FilterChainProxy        : Secured GET /student/courses
2026-05-12T00:37:32.602+05:30 DEBUG 24428 --- [student-service] [http-nio-8082-exec-5] o.s.security.web.FilterChainProxy        : Securing GET /student/available-courses
2026-05-12T00:37:32.616+05:30 DEBUG 24428 --- [student-service] [http-nio-8082-exec-5] c.e.s.security.JwtAuthFilter             : JWT filter: token parsed successfully, subject=riya@gmail.com, role=STUDENT
2026-05-12T00:37:32.616+05:30 DEBUG 24428 --- [student-service] [http-nio-8082-exec-5] c.e.s.security.JwtAuthFilter             : JWT filter: authentication set for riya@gmail.com with role STUDENT
2026-05-12T00:37:32.616+05:30 DEBUG 24428 --- [student-service] [http-nio-8082-exec-5] o.s.security.web.FilterChainProxy        : Secured GET /student/available-courses
2026-05-12T00:37:32.682+05:30 DEBUG 24428 --- [student-service] [http-nio-8082-exec-6] o.s.security.web.FilterChainProxy        : Securing GET /student/available-courses
2026-05-12T00:37:32.682+05:30 DEBUG 24428 --- [student-service] [http-nio-8082-exec-6] c.e.s.security.JwtAuthFilter             : JWT filter: token parsed successfully, subject=riya@gmail.com, role=STUDENT
2026-05-12T00:37:32.682+05:30 DEBUG 24428 --- [student-service] [http-nio-8082-exec-6] c.e.s.security.JwtAuthFilter             : JWT filter: authentication set for riya@gmail.com with role STUDENT
2026-05-12T00:37:32.682+05:30 DEBUG 24428 --- [student-service] [http-nio-8082-exec-6] o.s.security.web.FilterChainProxy        : Secured GET /student/available-courses
2026-05-12T00:37:34.331+05:30 DEBUG 24428 --- [student-service] [http-nio-8082-exec-7] o.s.security.web.FilterChainProxy        : Securing GET /student/courses
2026-05-12T00:37:34.337+05:30 DEBUG 24428 --- [student-service] [http-nio-8082-exec-7] c.e.s.security.JwtAuthFilter             : JWT filter: token parsed successfully, subject=riya@gmail.com, role=STUDENT
2026-05-12T00:37:34.337+05:30 DEBUG 24428 --- [student-service] [http-nio-8082-exec-7] c.e.s.security.JwtAuthFilter             : JWT filter: authentication set for riya@gmail.com with role STUDENT
2026-05-12T00:37:34.337+05:30 DEBUG 24428 --- [student-service] [http-nio-8082-exec-7] o.s.security.web.FilterChainProxy        : Secured GET /student/courses
2026-05-12T00:37:34.352+05:30 DEBUG 24428 --- [student-service] [http-nio-8082-exec-8] o.s.security.web.FilterChainProxy        : Securing GET /student/courses
2026-05-12T00:37:34.368+05:30 DEBUG 24428 --- [student-service] [http-nio-8082-exec-8] c.e.s.security.JwtAuthFilter             : JWT filter: token parsed successfully, subject=riya@gmail.com, role=STUDENT
2026-05-12T00:37:34.368+05:30 DEBUG 24428 --- [student-service] [http-nio-8082-exec-8] c.e.s.security.JwtAuthFilter             : JWT filter: authentication set for riya@gmail.com with role STUDENT
2026-05-12T00:37:34.368+05:30 DEBUG 24428 --- [student-service] [http-nio-8082-exec-8] o.s.security.web.FilterChainProxy        : Secured GET /student/courses
2026-05-12T00:37:40.398+05:30 DEBUG 24428 --- [student-service] [http-nio-8082-exec-9] o.s.security.web.FilterChainProxy        : Securing GET /student/courses
2026-05-12T00:37:40.405+05:30 DEBUG 24428 --- [student-service] [http-nio-8082-exec-9] c.e.s.security.JwtAuthFilter             : JWT filter: token parsed successfully, subject=riya@gmail.com, role=STUDENT
2026-05-12T00:37:40.405+05:30 DEBUG 24428 --- [student-service] [http-nio-8082-exec-9] c.e.s.security.JwtAuthFilter             : JWT filter: authentication set for riya@gmail.com with role STUDENT
2026-05-12T00:37:40.405+05:30 DEBUG 24428 --- [student-service] [http-nio-8082-exec-9] o.s.security.web.FilterChainProxy        : Secured GET /student/courses
2026-05-12T00:37:40.432+05:30 DEBUG 24428 --- [student-service] [http-nio-8082-exec-10] o.s.security.web.FilterChainProxy        : Securing GET /student/courses
2026-05-12T00:37:40.438+05:30 DEBUG 24428 --- [student-service] [http-nio-8082-exec-10] c.e.s.security.JwtAuthFilter             : JWT filter: token parsed successfully, subject=riya@gmail.com, role=STUDENT
2026-05-12T00:37:40.439+05:30 DEBUG 24428 --- [student-service] [http-nio-8082-exec-10] c.e.s.security.JwtAuthFilter             : JWT filter: authentication set for riya@gmail.com with role STUDENT
2026-05-12T00:37:40.439+05:30 DEBUG 24428 --- [student-service] [http-nio-8082-exec-10] o.s.security.web.FilterChainProxy        : Secured GET /student/courses
2026-05-12T00:37:58.187+05:30 DEBUG 24428 --- [student-service] [http-nio-8082-exec-2] o.s.security.web.FilterChainProxy        : Securing GET /student/courses
2026-05-12T00:37:58.193+05:30 DEBUG 24428 --- [student-service] [http-nio-8082-exec-2] c.e.s.security.JwtAuthFilter             : JWT filter: token parsed successfully, subject=riya@gmail.com, role=STUDENT
2026-05-12T00:37:58.193+05:30 DEBUG 24428 --- [student-service] [http-nio-8082-exec-2] c.e.s.security.JwtAuthFilter             : JWT filter: authentication set for riya@gmail.com with role STUDENT
2026-05-12T00:37:58.194+05:30 DEBUG 24428 --- [student-service] [http-nio-8082-exec-2] o.s.security.web.FilterChainProxy        : Secured GET /student/courses
2026-05-12T00:37:58.218+05:30 DEBUG 24428 --- [student-service] [http-nio-8082-exec-1] o.s.security.web.FilterChainProxy        : Securing GET /student/courses
2026-05-12T00:37:58.218+05:30 DEBUG 24428 --- [student-service] [http-nio-8082-exec-1] c.e.s.security.JwtAuthFilter             : JWT filter: token parsed successfully, subject=riya@gmail.com, role=STUDENT
2026-05-12T00:37:58.218+05:30 DEBUG 24428 --- [student-service] [http-nio-8082-exec-1] c.e.s.security.JwtAuthFilter             : JWT filter: authentication set for riya@gmail.com with role STUDENT
2026-05-12T00:37:58.218+05:30 DEBUG 24428 --- [student-service] [http-nio-8082-exec-1] o.s.security.web.FilterChainProxy        : Secured GET /student/courses
2026-05-12T00:38:02.033+05:30 DEBUG 24428 --- [student-service] [http-nio-8082-exec-3] o.s.security.web.FilterChainProxy        : Securing GET /student/courses
2026-05-12T00:38:02.046+05:30 DEBUG 24428 --- [student-service] [http-nio-8082-exec-3] c.e.s.security.JwtAuthFilter             : JWT filter: token parsed successfully, subject=riya@gmail.com, role=STUDENT
2026-05-12T00:38:02.046+05:30 DEBUG 24428 --- [student-service] [http-nio-8082-exec-3] c.e.s.security.JwtAuthFilter             : JWT filter: authentication set for riya@gmail.com with role STUDENT
2026-05-12T00:38:02.047+05:30 DEBUG 24428 --- [student-service] [http-nio-8082-exec-3] o.s.security.web.FilterChainProxy        : Secured GET /student/courses
2026-05-12T00:38:02.082+05:30 DEBUG 24428 --- [student-service] [http-nio-8082-exec-4] o.s.security.web.FilterChainProxy        : Securing GET /student/courses
2026-05-12T00:38:02.082+05:30 DEBUG 24428 --- [student-service] [http-nio-8082-exec-4] c.e.s.security.JwtAuthFilter             : JWT filter: token parsed successfully, subject=riya@gmail.com, role=STUDENT
2026-05-12T00:38:02.082+05:30 DEBUG 24428 --- [student-service] [http-nio-8082-exec-4] c.e.s.security.JwtAuthFilter             : JWT filter: authentication set for riya@gmail.com with role STUDENT
2026-05-12T00:38:02.082+05:30 DEBUG 24428 --- [student-service] [http-nio-8082-exec-4] o.s.security.web.FilterChainProxy        : Secured GET /student/courses
2026-05-12T00:38:08.616+05:30 DEBUG 24428 --- [student-service] [http-nio-8082-exec-5] o.s.security.web.FilterChainProxy        : Securing GET /student/courses
2026-05-12T00:38:08.620+05:30 DEBUG 24428 --- [student-service] [http-nio-8082-exec-5] c.e.s.security.JwtAuthFilter             : JWT filter: token parsed successfully, subject=riya@gmail.com, role=STUDENT
2026-05-12T00:38:08.620+05:30 DEBUG 24428 --- [student-service] [http-nio-8082-exec-5] c.e.s.security.JwtAuthFilter             : JWT filter: authentication set for riya@gmail.com with role STUDENT
2026-05-12T00:38:08.620+05:30 DEBUG 24428 --- [student-service] [http-nio-8082-exec-5] o.s.security.web.FilterChainProxy        : Secured GET /student/courses
2026-05-12T00:38:08.647+05:30 DEBUG 24428 --- [student-service] [http-nio-8082-exec-6] o.s.security.web.FilterChainProxy        : Securing GET /student/courses
2026-05-12T00:38:08.652+05:30 DEBUG 24428 --- [student-service] [http-nio-8082-exec-6] c.e.s.security.JwtAuthFilter             : JWT filter: token parsed successfully, subject=riya@gmail.com, role=STUDENT
2026-05-12T00:38:08.652+05:30 DEBUG 24428 --- [student-service] [http-nio-8082-exec-6] c.e.s.security.JwtAuthFilter             : JWT filter: authentication set for riya@gmail.com with role STUDENT
2026-05-12T00:38:08.652+05:30 DEBUG 24428 --- [student-service] [http-nio-8082-exec-6] o.s.security.web.FilterChainProxy        : Secured GET /student/courses
2026-05-12T00:40:45.165+05:30  WARN 24428 --- [student-service] [DiscoveryClient-InstanceInfoReplicator-%d] c.n.d.s.t.d.RetryableEurekaHttpClient    : Request execution failed with message: I/O error on POST request for "http://localhost:8761/eureka/apps/STUDENT-SERVICE": Connect to http://localhost:8761 [localhost/127.0.0.1, localhost/0:0:0:0:0:0:0:1] failed: Connection refused: getsockopt
2026-05-12T00:40:45.174+05:30  WARN 24428 --- [student-service] [DiscoveryClient-InstanceInfoReplicator-%d] c.n.d.s.t.d.RetryableEurekaHttpClient    : Request execution failed with message: I/O error on POST request for "http://localhost:8761/eureka/apps/STUDENT-SERVICE": Connect to http://localhost:8761 [localhost/127.0.0.1, localhost/0:0:0:0:0:0:0:1] failed: Connection refused: getsockopt
2026-05-12T00:40:45.174+05:30  WARN 24428 --- [student-service] [DiscoveryClient-InstanceInfoReplicator-%d] com.netflix.discovery.DiscoveryClient    : DiscoveryClient_STUDENT-SERVICE/localhost:student-service:8082 - registration failed Cannot execute request on any known server

com.netflix.discovery.shared.transport.TransportException: Cannot execute request on any known server
	at com.netflix.discovery.shared.transport.decorator.RetryableEurekaHttpClient.execute(RetryableEurekaHttpClient.java:112) ~[eureka-client-2.0.3.jar:2.0.3]
	at com.netflix.discovery.shared.transport.decorator.EurekaHttpClientDecorator.register(EurekaHttpClientDecorator.java:56) ~[eureka-client-2.0.3.jar:2.0.3]
	at com.netflix.discovery.shared.transport.decorator.EurekaHttpClientDecorator$1.execute(EurekaHttpClientDecorator.java:59) ~[eureka-client-2.0.3.jar:2.0.3]
	at com.netflix.discovery.shared.transport.decorator.SessionedEurekaHttpClient.execute(SessionedEurekaHttpClient.java:76) ~[eureka-client-2.0.3.jar:2.0.3]
	at com.netflix.discovery.shared.transport.decorator.EurekaHttpClientDecorator.register(EurekaHttpClientDecorator.java:56) ~[eureka-client-2.0.3.jar:2.0.3]
	at com.netflix.discovery.DiscoveryClient.register(DiscoveryClient.java:828) ~[eureka-client-2.0.3.jar:2.0.3]
	at com.netflix.discovery.InstanceInfoReplicator.run(InstanceInfoReplicator.java:125) ~[eureka-client-2.0.3.jar:2.0.3]
	at com.netflix.discovery.InstanceInfoReplicator$2.run(InstanceInfoReplicator.java:105) ~[eureka-client-2.0.3.jar:2.0.3]
	at java.base/java.util.concurrent.Executors$RunnableAdapter.call(Executors.java:572) ~[na:na]
	at java.base/java.util.concurrent.FutureTask.run(FutureTask.java:317) ~[na:na]
	at java.base/java.util.concurrent.ScheduledThreadPoolExecutor$ScheduledFutureTask.run(ScheduledThreadPoolExecutor.java:304) ~[na:na]
	at java.base/java.util.concurrent.ThreadPoolExecutor.runWorker(ThreadPoolExecutor.java:1144) ~[na:na]
	at java.base/java.util.concurrent.ThreadPoolExecutor$Worker.run(ThreadPoolExecutor.java:642) ~[na:na]
	at java.base/java.lang.Thread.run(Thread.java:1583) ~[na:na]

2026-05-12T00:40:45.180+05:30  WARN 24428 --- [student-service] [DiscoveryClient-InstanceInfoReplicator-%d] c.n.discovery.InstanceInfoReplicator     : There was a problem with the instance info replicator

com.netflix.discovery.shared.transport.TransportException: Cannot execute request on any known server
	at com.netflix.discovery.shared.transport.decorator.RetryableEurekaHttpClient.execute(RetryableEurekaHttpClient.java:112) ~[eureka-client-2.0.3.jar:2.0.3]
	at com.netflix.discovery.shared.transport.decorator.EurekaHttpClientDecorator.register(EurekaHttpClientDecorator.java:56) ~[eureka-client-2.0.3.jar:2.0.3]
	at com.netflix.discovery.shared.transport.decorator.EurekaHttpClientDecorator$1.execute(EurekaHttpClientDecorator.java:59) ~[eureka-client-2.0.3.jar:2.0.3]
	at com.netflix.discovery.shared.transport.decorator.SessionedEurekaHttpClient.execute(SessionedEurekaHttpClient.java:76) ~[eureka-client-2.0.3.jar:2.0.3]
	at com.netflix.discovery.shared.transport.decorator.EurekaHttpClientDecorator.register(EurekaHttpClientDecorator.java:56) ~[eureka-client-2.0.3.jar:2.0.3]
	at com.netflix.discovery.DiscoveryClient.register(DiscoveryClient.java:828) ~[eureka-client-2.0.3.jar:2.0.3]
	at com.netflix.discovery.InstanceInfoReplicator.run(InstanceInfoReplicator.java:125) ~[eureka-client-2.0.3.jar:2.0.3]
	at com.netflix.discovery.InstanceInfoReplicator$2.run(InstanceInfoReplicator.java:105) ~[eureka-client-2.0.3.jar:2.0.3]
	at java.base/java.util.concurrent.Executors$RunnableAdapter.call(Executors.java:572) ~[na:na]
	at java.base/java.util.concurrent.FutureTask.run(FutureTask.java:317) ~[na:na]
	at java.base/java.util.concurrent.ScheduledThreadPoolExecutor$ScheduledFutureTask.run(ScheduledThreadPoolExecutor.java:304) ~[na:na]
	at java.base/java.util.concurrent.ThreadPoolExecutor.runWorker(ThreadPoolExecutor.java:1144) ~[na:na]
	at java.base/java.util.concurrent.ThreadPoolExecutor$Worker.run(ThreadPoolExecutor.java:642) ~[na:na]
	at java.base/java.lang.Thread.run(Thread.java:1583) ~[na:na]

2026-05-12T00:40:48.241+05:30  WARN 24428 --- [student-service] [SpringApplicationShutdownHook] c.n.d.s.t.d.RetryableEurekaHttpClient    : Request execution failed with message: I/O error on DELETE request for "http://localhost:8761/eureka/apps/STUDENT-SERVICE/localhost:student-service:8082": Connect to http://localhost:8761 [localhost/127.0.0.1, localhost/0:0:0:0:0:0:0:1] failed: Connection refused: getsockopt
2026-05-12T00:40:48.242+05:30 ERROR 24428 --- [student-service] [SpringApplicationShutdownHook] com.netflix.discovery.DiscoveryClient    : DiscoveryClient_STUDENT-SERVICE/localhost:student-service:8082 - de-registration failedCannot execute request on any known server

com.netflix.discovery.shared.transport.TransportException: Cannot execute request on any known server
	at com.netflix.discovery.shared.transport.decorator.RetryableEurekaHttpClient.execute(RetryableEurekaHttpClient.java:112) ~[eureka-client-2.0.3.jar:2.0.3]
	at com.netflix.discovery.shared.transport.decorator.EurekaHttpClientDecorator.cancel(EurekaHttpClientDecorator.java:71) ~[eureka-client-2.0.3.jar:2.0.3]
	at com.netflix.discovery.shared.transport.decorator.EurekaHttpClientDecorator$2.execute(EurekaHttpClientDecorator.java:74) ~[eureka-client-2.0.3.jar:2.0.3]
	at com.netflix.discovery.shared.transport.decorator.SessionedEurekaHttpClient.execute(SessionedEurekaHttpClient.java:76) ~[eureka-client-2.0.3.jar:2.0.3]
	at com.netflix.discovery.shared.transport.decorator.EurekaHttpClientDecorator.cancel(EurekaHttpClientDecorator.java:71) ~[eureka-client-2.0.3.jar:2.0.3]
	at com.netflix.discovery.DiscoveryClient.unregister(DiscoveryClient.java:919) ~[eureka-client-2.0.3.jar:2.0.3]
	at com.netflix.discovery.DiscoveryClient.shutdown(DiscoveryClient.java:900) ~[eureka-client-2.0.3.jar:2.0.3]
	at java.base/jdk.internal.reflect.DirectMethodHandleAccessor.invoke(DirectMethodHandleAccessor.java:103) ~[na:na]
	at java.base/java.lang.reflect.Method.invoke(Method.java:580) ~[na:na]
	at org.springframework.beans.factory.annotation.InitDestroyAnnotationBeanPostProcessor$LifecycleMethod.invoke(InitDestroyAnnotationBeanPostProcessor.java:457) ~[spring-beans-6.1.6.jar:6.1.6]
	at org.springframework.beans.factory.annotation.InitDestroyAnnotationBeanPostProcessor$LifecycleMetadata.invokeDestroyMethods(InitDestroyAnnotationBeanPostProcessor.java:415) ~[spring-beans-6.1.6.jar:6.1.6]
	at org.springframework.beans.factory.annotation.InitDestroyAnnotationBeanPostProcessor.postProcessBeforeDestruction(InitDestroyAnnotationBeanPostProcessor.java:239) ~[spring-beans-6.1.6.jar:6.1.6]
	at org.springframework.beans.factory.support.DisposableBeanAdapter.destroy(DisposableBeanAdapter.java:202) ~[spring-beans-6.1.6.jar:6.1.6]
	at org.springframework.beans.factory.support.DisposableBeanAdapter.run(DisposableBeanAdapter.java:195) ~[spring-beans-6.1.6.jar:6.1.6]
	at org.springframework.cloud.context.scope.GenericScope$BeanLifecycleWrapper.destroy(GenericScope.java:389) ~[spring-cloud-context-4.1.4.jar:4.1.4]
	at org.springframework.cloud.context.scope.GenericScope.destroy(GenericScope.java:136) ~[spring-cloud-context-4.1.4.jar:4.1.4]
	at org.springframework.beans.factory.support.DisposableBeanAdapter.destroy(DisposableBeanAdapter.java:211) ~[spring-beans-6.1.6.jar:6.1.6]
	at org.springframework.beans.factory.support.DefaultSingletonBeanRegistry.destroyBean(DefaultSingletonBeanRegistry.java:587) ~[spring-beans-6.1.6.jar:6.1.6]
	at org.springframework.beans.factory.support.DefaultSingletonBeanRegistry.destroySingleton(DefaultSingletonBeanRegistry.java:559) ~[spring-beans-6.1.6.jar:6.1.6]
	at org.springframework.beans.factory.support.DefaultListableBeanFactory.destroySingleton(DefaultListableBeanFactory.java:1202) ~[spring-beans-6.1.6.jar:6.1.6]
	at org.springframework.beans.factory.support.DefaultSingletonBeanRegistry.destroySingletons(DefaultSingletonBeanRegistry.java:520) ~[spring-beans-6.1.6.jar:6.1.6]
	at org.springframework.beans.factory.support.DefaultListableBeanFactory.destroySingletons(DefaultListableBeanFactory.java:1195) ~[spring-beans-6.1.6.jar:6.1.6]
	at org.springframework.context.support.AbstractApplicationContext.destroyBeans(AbstractApplicationContext.java:1186) ~[spring-context-6.1.6.jar:6.1.6]
	at org.springframework.context.support.AbstractApplicationContext.doClose(AbstractApplicationContext.java:1147) ~[spring-context-6.1.6.jar:6.1.6]
	at org.springframework.boot.web.servlet.context.ServletWebServerApplicationContext.doClose(ServletWebServerApplicationContext.java:174) ~[spring-boot-3.2.5.jar:3.2.5]
	at org.springframework.context.support.AbstractApplicationContext.close(AbstractApplicationContext.java:1093) ~[spring-context-6.1.6.jar:6.1.6]
	at org.springframework.boot.SpringApplicationShutdownHook.closeAndWait(SpringApplicationShutdownHook.java:145) ~[spring-boot-3.2.5.jar:3.2.5]
	at java.base/java.lang.Iterable.forEach(Iterable.java:75) ~[na:na]
	at org.springframework.boot.SpringApplicationShutdownHook.run(SpringApplicationShutdownHook.java:114) ~[spring-boot-3.2.5.jar:3.2.5]
	at java.base/java.lang.Thread.run(Thread.java:1583) ~[na:na]

