2026-04-24T15:41:37.081+05:30  INFO 17456 --- [student-service] [main] c.e.s.StudentServiceApplication          : Starting StudentServiceApplication using Java 21.0.2 with PID 17456 (C:\Users\2479954\Documents\Backup\Edulink-Project\Backend\student-service\target\classes started by 2479954 in C:\Users\2479954\Documents\Backup\Edulink-Project\Backend\student-service)
2026-04-24T15:41:37.101+05:30 DEBUG 17456 --- [student-service] [main] c.e.s.StudentServiceApplication          : Running with Spring Boot v3.2.5, Spring v6.1.6
2026-04-24T15:41:37.103+05:30  INFO 17456 --- [student-service] [main] c.e.s.StudentServiceApplication          : No active profile set, falling back to 1 default profile: "default"
2026-04-24T15:41:38.984+05:30  WARN 17456 --- [student-service] [main] trationDelegate$BeanPostProcessorChecker : Bean 'org.springframework.cloud.client.loadbalancer.LoadBalancerAutoConfiguration$DeferringLoadBalancerInterceptorConfig' of type [org.springframework.cloud.client.loadbalancer.LoadBalancerAutoConfiguration$DeferringLoadBalancerInterceptorConfig] is not eligible for getting processed by all BeanPostProcessors (for example: not eligible for auto-proxying). The currently created BeanPostProcessor [lbRestClientPostProcessor] is declared through a non-static factory method on that class; consider declaring it as static instead.
2026-04-24T15:41:38.987+05:30  WARN 17456 --- [student-service] [main] trationDelegate$BeanPostProcessorChecker : Bean 'deferringLoadBalancerInterceptor' of type [org.springframework.cloud.client.loadbalancer.DeferringLoadBalancerInterceptor] is not eligible for getting processed by all BeanPostProcessors (for example: not eligible for auto-proxying). Is this bean getting eagerly injected into a currently created BeanPostProcessor [lbRestClientPostProcessor]? Check the corresponding BeanPostProcessor declaration and its dependencies.
2026-04-24T15:41:39.345+05:30 DEBUG 17456 --- [student-service] [main] c.e.s.security.JwtAuthFilter             : Filter 'jwtAuthFilter' configured for use
2026-04-24T15:41:40.062+05:30  WARN 17456 --- [student-service] [main] org.hibernate.orm.deprecation            : HHH90000025: MySQL8Dialect does not need to be specified explicitly using 'hibernate.dialect' (remove the property setting and it will be selected by default)
2026-04-24T15:41:40.063+05:30  WARN 17456 --- [student-service] [main] org.hibernate.orm.deprecation            : HHH90000026: MySQL8Dialect has been deprecated; use org.hibernate.dialect.MySQLDialect instead
2026-04-24T15:41:41.241+05:30  WARN 17456 --- [student-service] [main] JpaBaseConfiguration$JpaWebConfiguration : spring.jpa.open-in-view is enabled by default. Therefore, database queries may be performed during view rendering. Explicitly configure spring.jpa.open-in-view to disable this warning
2026-04-24T15:41:41.786+05:30  WARN 17456 --- [student-service] [main] .s.s.UserDetailsServiceAutoConfiguration : 

Using generated security password: a43267e8-3734-499d-8728-808a0ce61380

This generated password is for development use only. Your security configuration must be updated before running your application in production.

2026-04-24T15:41:42.008+05:30  INFO 17456 --- [student-service] [main] o.s.s.web.DefaultSecurityFilterChain     : Will secure any request with [org.springframework.security.web.session.DisableEncodeUrlFilter@2e7a6dcd, org.springframework.security.web.context.request.async.WebAsyncManagerIntegrationFilter@762261fd, org.springframework.security.web.context.SecurityContextHolderFilter@69e3e1d9, org.springframework.security.web.header.HeaderWriterFilter@72412c3d, org.springframework.web.filter.CorsFilter@7b0d42b6, org.springframework.security.web.authentication.logout.LogoutFilter@ebe3561, com.edulink.studentservice.security.JwtAuthFilter@1c72189f, org.springframework.security.web.savedrequest.RequestCacheAwareFilter@4f93816d, org.springframework.security.web.servletapi.SecurityContextHolderAwareRequestFilter@5bf86398, org.springframework.security.web.authentication.AnonymousAuthenticationFilter@179af25f, org.springframework.security.web.session.SessionManagementFilter@4ed761dc, org.springframework.security.web.access.ExceptionTranslationFilter@62bcfa01, org.springframework.security.web.access.intercept.AuthorizationFilter@14b3976]
2026-04-24T15:41:42.299+05:30  WARN 17456 --- [student-service] [main] iguration$LoadBalancerCaffeineWarnLogger : Spring Cloud LoadBalancer is currently working with the default cache. While this cache implementation is useful for development and tests, it's recommended to use Caffeine cache in production.You can switch to using Caffeine cache, by adding it and org.springframework.cache.caffeine.CaffeineCacheManager to the classpath.
2026-04-24T15:41:42.724+05:30  INFO 17456 --- [student-service] [main] c.e.s.StudentServiceApplication          : Started StudentServiceApplication in 6.553 seconds (process running for 7.079)
2026-04-24T17:12:58.247+05:30  WARN 17456 --- [student-service] [HikariPool-1 housekeeper] com.zaxxer.hikari.pool.HikariPool        : HikariPool-1 - Thread starvation or clock leap detected (housekeeper delta=47s894ms291µs900ns).
2026-04-24T17:27:55.140+05:30  WARN 17456 --- [student-service] [HikariPool-1 housekeeper] com.zaxxer.hikari.pool.HikariPool        : HikariPool-1 - Thread starvation or clock leap detected (housekeeper delta=10m26s776ms320µs800ns).
2026-04-24T17:32:39.761+05:30  INFO 17456 --- [student-service] [http-nio-8082-exec-3] o.s.web.servlet.DispatcherServlet        : Initializing Servlet 'dispatcherServlet'
2026-04-24T17:32:40.074+05:30  INFO 17456 --- [student-service] [http-nio-8082-exec-3] o.s.web.servlet.DispatcherServlet        : Completed initialization in 312 ms
2026-04-24T17:32:40.476+05:30 DEBUG 17456 --- [student-service] [http-nio-8082-exec-1] o.s.security.web.FilterChainProxy        : Securing GET /student/courses
2026-04-24T17:32:40.476+05:30 DEBUG 17456 --- [student-service] [http-nio-8082-exec-3] o.s.security.web.FilterChainProxy        : Securing GET /student/courses
2026-04-24T17:32:40.961+05:30 DEBUG 17456 --- [student-service] [http-nio-8082-exec-1] c.e.s.security.JwtAuthFilter             : JWT filter: token parsed successfully, subject=student1@greenwood.com, role=STUDENT
2026-04-24T17:32:40.961+05:30 DEBUG 17456 --- [student-service] [http-nio-8082-exec-3] c.e.s.security.JwtAuthFilter             : JWT filter: token parsed successfully, subject=student1@greenwood.com, role=STUDENT
2026-04-24T17:32:40.977+05:30 DEBUG 17456 --- [student-service] [http-nio-8082-exec-3] c.e.s.security.JwtAuthFilter             : JWT filter: authentication set for student1@greenwood.com with role STUDENT
2026-04-24T17:32:40.977+05:30 DEBUG 17456 --- [student-service] [http-nio-8082-exec-1] c.e.s.security.JwtAuthFilter             : JWT filter: authentication set for student1@greenwood.com with role STUDENT
2026-04-24T17:32:41.009+05:30 DEBUG 17456 --- [student-service] [http-nio-8082-exec-1] o.s.security.web.FilterChainProxy        : Secured GET /student/courses
2026-04-24T17:32:41.009+05:30 DEBUG 17456 --- [student-service] [http-nio-8082-exec-3] o.s.security.web.FilterChainProxy        : Secured GET /student/courses
2026-04-24T17:33:48.646+05:30 DEBUG 17456 --- [student-service] [http-nio-8082-exec-7] o.s.security.web.FilterChainProxy        : Securing GET /student/courses
2026-04-24T17:33:48.659+05:30 DEBUG 17456 --- [student-service] [http-nio-8082-exec-7] c.e.s.security.JwtAuthFilter             : JWT filter: token parsed successfully, subject=student2@greenwood.com, role=STUDENT
2026-04-24T17:33:48.659+05:30 DEBUG 17456 --- [student-service] [http-nio-8082-exec-7] c.e.s.security.JwtAuthFilter             : JWT filter: authentication set for student2@greenwood.com with role STUDENT
2026-04-24T17:33:48.659+05:30 DEBUG 17456 --- [student-service] [http-nio-8082-exec-7] o.s.security.web.FilterChainProxy        : Secured GET /student/courses
2026-04-24T17:33:48.708+05:30 DEBUG 17456 --- [student-service] [http-nio-8082-exec-5] o.s.security.web.FilterChainProxy        : Securing GET /student/courses
2026-04-24T17:33:48.723+05:30 DEBUG 17456 --- [student-service] [http-nio-8082-exec-5] c.e.s.security.JwtAuthFilter             : JWT filter: token parsed successfully, subject=student2@greenwood.com, role=STUDENT
2026-04-24T17:33:48.725+05:30 DEBUG 17456 --- [student-service] [http-nio-8082-exec-5] c.e.s.security.JwtAuthFilter             : JWT filter: authentication set for student2@greenwood.com with role STUDENT
2026-04-24T17:33:48.725+05:30 DEBUG 17456 --- [student-service] [http-nio-8082-exec-5] o.s.security.web.FilterChainProxy        : Secured GET /student/courses
