26-04-22 15:27:06 [main] INFO  c.e.c.ComplianceServiceApplication - Starting ComplianceServiceApplication using Java 21.0.2 with PID 17784 (C:\Users\2479791\Desktop\module\compliance-service-v2\target\classes started by 2479791 in C:\Users\2479791\Desktop\module\compliance-service-v2)
26-04-22 15:27:06 [main] DEBUG c.e.c.ComplianceServiceApplication - Running with Spring Boot v3.2.6, Spring v6.1.8
26-04-22 15:27:06 [main] INFO  c.e.c.ComplianceServiceApplication - No active profile set, falling back to 1 default profile: "default"
26-04-22 15:29:08 [main] INFO  c.e.c.ComplianceServiceApplication - Starting ComplianceServiceApplication using Java 21.0.2 with PID 19280 (C:\Users\2479791\Desktop\module\compliance-service-v2\target\classes started by 2479791 in C:\Users\2479791\Desktop\module\compliance-service-v2)
26-04-22 15:29:08 [main] DEBUG c.e.c.ComplianceServiceApplication - Running with Spring Boot v3.2.6, Spring v6.1.8
26-04-22 15:29:08 [main] INFO  c.e.c.ComplianceServiceApplication - No active profile set, falling back to 1 default profile: "default"
26-04-22 15:40:52 [main] INFO  c.e.c.ComplianceServiceApplication - Starting ComplianceServiceApplication using Java 21.0.2 with PID 24176 (C:\Users\2479791\Desktop\module\compliance-service-v2\target\classes started by 2479791 in C:\Users\2479791\Desktop\module\compliance-service-v2)
26-04-22 15:40:52 [main] DEBUG c.e.c.ComplianceServiceApplication - Running with Spring Boot v3.2.6, Spring v6.1.8
26-04-22 15:40:52 [main] INFO  c.e.c.ComplianceServiceApplication - No active profile set, falling back to 1 default profile: "default"
26-04-22 15:42:23 [main] INFO  c.e.c.ComplianceServiceApplication - Starting ComplianceServiceApplication using Java 21.0.2 with PID 31428 (C:\Users\2479791\Desktop\module\compliance-service-v2\target\classes started by 2479791 in C:\Users\2479791\Desktop\module\compliance-service-v2)
26-04-22 15:42:23 [main] DEBUG c.e.c.ComplianceServiceApplication - Running with Spring Boot v3.2.6, Spring v6.1.8
26-04-22 15:42:23 [main] INFO  c.e.c.ComplianceServiceApplication - No active profile set, falling back to 1 default profile: "default"
26-04-22 15:44:48 [main] INFO  c.e.c.ComplianceServiceApplication - Starting ComplianceServiceApplication using Java 21.0.2 with PID 21328 (C:\Users\2479791\Desktop\module\compliance-service-v2\target\classes started by 2479791 in C:\Users\2479791\Desktop\module\compliance-service-v2)
26-04-22 15:44:48 [main] DEBUG c.e.c.ComplianceServiceApplication - Running with Spring Boot v3.2.6, Spring v6.1.8
26-04-22 15:44:48 [main] INFO  c.e.c.ComplianceServiceApplication - No active profile set, falling back to 1 default profile: "default"
26-04-22 15:44:54 [main] DEBUG c.e.c.config.JwtFilter - Filter 'jwtFilter' configured for use
26-04-22 15:44:57 [main] INFO  c.e.c.ComplianceServiceApplication - Started ComplianceServiceApplication in 10.196 seconds (process running for 10.694)
26-04-22 15:48:04 [http-nio-8086-exec-1] ERROR c.e.c.exception.GlobalExceptional - Token in valid JWT signature does not match locally computed signature. JWT validity cannot be asserted and should not be trusted.
26-04-22 15:48:04 [http-nio-8086-exec-2] ERROR c.e.c.exception.GlobalExceptional - Token in valid JWT signature does not match locally computed signature. JWT validity cannot be asserted and should not be trusted.
26-04-22 15:48:04 [http-nio-8086-exec-5] ERROR c.e.c.exception.GlobalExceptional - Token in valid JWT signature does not match locally computed signature. JWT validity cannot be asserted and should not be trusted.
26-04-22 15:48:04 [http-nio-8086-exec-3] ERROR c.e.c.exception.GlobalExceptional - Token in valid JWT signature does not match locally computed signature. JWT validity cannot be asserted and should not be trusted.
26-04-22 15:49:31 [http-nio-8086-exec-7] ERROR c.e.c.exception.GlobalExceptional - This method is not valid at this End-point Request method 'POST' is not supported
26-04-22 15:49:31 [http-nio-8086-exec-8] ERROR c.e.c.exception.GlobalExceptional - This method is not valid at this End-point Request method 'POST' is not supported
26-04-22 15:49:34 [http-nio-8086-exec-9] ERROR c.e.c.exception.GlobalExceptional - This method is not valid at this End-point Request method 'POST' is not supported
26-04-22 15:49:34 [http-nio-8086-exec-10] ERROR c.e.c.exception.GlobalExceptional - This method is not valid at this End-point Request method 'POST' is not supported
26-04-22 16:03:10 [http-nio-8086-exec-3] ERROR c.e.c.exception.GlobalExceptional - This method is not valid at this End-point Request method 'POST' is not supported
26-04-22 16:03:10 [http-nio-8086-exec-5] ERROR c.e.c.exception.GlobalExceptional - This method is not valid at this End-point Request method 'POST' is not supported
26-04-22 16:03:12 [http-nio-8086-exec-4] ERROR c.e.c.exception.GlobalExceptional - This method is not valid at this End-point Request method 'POST' is not supported
26-04-22 16:03:12 [http-nio-8086-exec-6] ERROR c.e.c.exception.GlobalExceptional - This method is not valid at this End-point Request method 'POST' is not supported
26-04-22 16:03:17 [http-nio-8086-exec-7] ERROR c.e.c.exception.GlobalExceptional - This method is not valid at this End-point Request method 'POST' is not supported
26-04-22 16:03:17 [http-nio-8086-exec-8] ERROR c.e.c.exception.GlobalExceptional - This method is not valid at this End-point Request method 'POST' is not supported
26-04-22 16:04:09 [http-nio-8086-exec-10] ERROR c.e.c.exception.GlobalExceptional - This method is not valid at this End-point Request method 'POST' is not supported
26-04-22 16:04:09 [http-nio-8086-exec-9] ERROR c.e.c.exception.GlobalExceptional - This method is not valid at this End-point Request method 'POST' is not supported
26-04-22 16:04:12 [http-nio-8086-exec-2] ERROR c.e.c.exception.GlobalExceptional - This method is not valid at this End-point Request method 'POST' is not supported
26-04-22 16:04:12 [http-nio-8086-exec-1] ERROR c.e.c.exception.GlobalExceptional - This method is not valid at this End-point Request method 'POST' is not supported
26-04-22 16:37:13 [http-nio-8086-exec-4] ERROR c.e.c.exception.GlobalExceptional - Token in valid No static resource compliance/compliance-status.
26-04-22 16:37:13 [http-nio-8086-exec-7] ERROR c.e.c.exception.GlobalExceptional - Token in valid No static resource compliance/compliance-status.
26-04-22 16:38:48 [http-nio-8086-exec-10] ERROR c.e.c.exception.GlobalExceptional - Token in valid [500] during [GET] to [http://IDENTITY-SERVICE/compliance/identity/usersStatus] [SchoolClient#getUsers()]: [{"success":false,"message":"Internal server error: Cannot invoke \"java.lang.Integer.intValue()\" because the return value of \"java.util.Map.get(Object)\" is null","data":null}]
26-04-22 16:38:48 [http-nio-8086-exec-9] ERROR c.e.c.exception.GlobalExceptional - Token in valid [500] during [GET] to [http://IDENTITY-SERVICE/compliance/identity/usersStatus] [SchoolClient#getUsers()]: [{"success":false,"message":"Internal server error: Cannot invoke \"java.lang.Integer.intValue()\" because the return value of \"java.util.Map.get(Object)\" is null","data":null}]
26-04-22 16:46:32 [http-nio-8086-exec-6] ERROR c.e.c.exception.GlobalExceptional - Token in valid [500] during [GET] to [http://IDENTITY-SERVICE/compliance/identity/usersStatus] [SchoolClient#getUsers()]: [{"success":false,"message":"Internal server error: Cannot invoke \"java.lang.Integer.intValue()\" because the return value of \"java.util.Map.get(Object)\" is null","data":null}]
26-04-22 16:47:31 [http-nio-8086-exec-3] ERROR c.e.c.exception.GlobalExceptional - Token in valid [500] during [GET] to [http://IDENTITY-SERVICE/compliance/identity/usersStatus] [SchoolClient#getUsers()]: [{"success":false,"message":"Internal server error: Cannot invoke \"java.lang.Integer.intValue()\" because the return value of \"java.util.Map.get(Object)\" is null","data":null}]
26-04-22 16:49:24 [http-nio-8086-exec-4] ERROR c.e.c.exception.GlobalExceptional - Token in valid [403] during [GET] to [http://IDENTITY-SERVICE/compliance/identity/usersStatus] [SchoolClient#getUsers()]: [{"success":false,"message":"Access denied","data":null}]
26-04-22 16:56:46 [http-nio-8086-exec-10] ERROR c.e.c.exception.GlobalExceptional - Token in valid [403] during [GET] to [http://IDENTITY-SERVICE/compliance/identity/usersStatus] [SchoolClient#getUsers()]: [{"success":false,"message":"Access denied","data":null}]
26-04-22 16:57:32 [http-nio-8086-exec-9] ERROR c.e.c.exception.GlobalExceptional - Token in valid [403] during [GET] to [http://IDENTITY-SERVICE/compliance/identity/usersStatus] [SchoolClient#getUsers()]: [{"success":false,"message":"Access denied","data":null}]
26-04-22 16:59:22 [main] INFO  c.e.c.ComplianceServiceApplication - Starting ComplianceServiceApplication using Java 21.0.2 with PID 30196 (C:\Users\2479791\Desktop\module\compliance-service-v2\target\classes started by 2479791 in C:\Users\2479791\Desktop\module\compliance-service-v2)
26-04-22 16:59:22 [main] DEBUG c.e.c.ComplianceServiceApplication - Running with Spring Boot v3.2.6, Spring v6.1.8
26-04-22 16:59:22 [main] INFO  c.e.c.ComplianceServiceApplication - No active profile set, falling back to 1 default profile: "default"
26-04-22 16:59:29 [main] DEBUG c.e.c.config.JwtFilter - Filter 'jwtFilter' configured for use
26-04-22 16:59:33 [main] INFO  c.e.c.ComplianceServiceApplication - Started ComplianceServiceApplication in 12.572 seconds (process running for 13.698)
26-04-22 17:01:46 [http-nio-8086-exec-3] ERROR c.e.c.exception.GlobalExceptional - Token in valid [500] during [GET] to [http://IDENTITY-SERVICE/compliance/identity/usersStatus] [SchoolClient#getUsers()]: [{"success":false,"message":"Internal server error: Cannot invoke \"java.lang.Integer.intValue()\" because the return value of \"java.util.Map.get(Object)\" is null","data":null}]
26-04-22 17:01:46 [http-nio-8086-exec-5] ERROR c.e.c.exception.GlobalExceptional - Token in valid [500] during [GET] to [http://IDENTITY-SERVICE/compliance/identity/usersStatus] [SchoolClient#getUsers()]: [{"success":false,"message":"Internal server error: Cannot invoke \"java.lang.Integer.intValue()\" because the return value of \"java.util.Map.get(Object)\" is null","data":null}]
26-04-22 17:02:15 [http-nio-8086-exec-6] ERROR c.e.c.exception.GlobalExceptional - Token in valid [403] during [GET] to [http://IDENTITY-SERVICE/compliance/identity/usersStatus] [SchoolClient#getUsers()]: [{"success":false,"message":"Access denied","data":null}]
26-04-22 17:28:40 [http-nio-8086-exec-9] ERROR c.e.c.exception.GlobalExceptional - Token in valid [503] during [GET] to [http://IDENTITY-SERVICE/compliance/identity/usersStatus] [SchoolClient#getUsers()]: [Load balancer does not contain an instance for the service IDENTITY-SERVICE]
26-04-22 17:28:44 [http-nio-8086-exec-10] ERROR c.e.c.exception.GlobalExceptional - Token in valid [503] during [GET] to [http://IDENTITY-SERVICE/compliance/identity/usersStatus] [SchoolClient#getUsers()]: [Load balancer does not contain an instance for the service IDENTITY-SERVICE]
26-04-22 17:28:45 [http-nio-8086-exec-1] ERROR c.e.c.exception.GlobalExceptional - Token in valid [503] during [GET] to [http://IDENTITY-SERVICE/compliance/identity/usersStatus] [SchoolClient#getUsers()]: [Load balancer does not contain an instance for the service IDENTITY-SERVICE]
26-04-22 17:28:46 [http-nio-8086-exec-2] ERROR c.e.c.exception.GlobalExceptional - Token in valid [503] during [GET] to [http://IDENTITY-SERVICE/compliance/identity/usersStatus] [SchoolClient#getUsers()]: [Load balancer does not contain an instance for the service IDENTITY-SERVICE]
26-04-22 17:28:47 [http-nio-8086-exec-4] ERROR c.e.c.exception.GlobalExceptional - Token in valid [503] during [GET] to [http://IDENTITY-SERVICE/compliance/identity/usersStatus] [SchoolClient#getUsers()]: [Load balancer does not contain an instance for the service IDENTITY-SERVICE]
26-04-22 17:28:48 [http-nio-8086-exec-3] ERROR c.e.c.exception.GlobalExceptional - Token in valid [503] during [GET] to [http://IDENTITY-SERVICE/compliance/identity/usersStatus] [SchoolClient#getUsers()]: [Load balancer does not contain an instance for the service IDENTITY-SERVICE]
26-04-22 17:28:49 [http-nio-8086-exec-5] ERROR c.e.c.exception.GlobalExceptional - Token in valid [503] during [GET] to [http://IDENTITY-SERVICE/compliance/identity/usersStatus] [SchoolClient#getUsers()]: [Load balancer does not contain an instance for the service IDENTITY-SERVICE]
26-04-22 17:28:50 [http-nio-8086-exec-6] ERROR c.e.c.exception.GlobalExceptional - Token in valid [503] during [GET] to [http://IDENTITY-SERVICE/compliance/identity/usersStatus] [SchoolClient#getUsers()]: [Load balancer does not contain an instance for the service IDENTITY-SERVICE]
26-04-22 17:28:51 [http-nio-8086-exec-7] ERROR c.e.c.exception.GlobalExceptional - Token in valid [503] during [GET] to [http://IDENTITY-SERVICE/compliance/identity/usersStatus] [SchoolClient#getUsers()]: [Load balancer does not contain an instance for the service IDENTITY-SERVICE]
26-04-22 17:28:52 [http-nio-8086-exec-8] ERROR c.e.c.exception.GlobalExceptional - Token in valid [503] during [GET] to [http://IDENTITY-SERVICE/compliance/identity/usersStatus] [SchoolClient#getUsers()]: [Load balancer does not contain an instance for the service IDENTITY-SERVICE]
26-04-22 17:28:53 [http-nio-8086-exec-9] ERROR c.e.c.exception.GlobalExceptional - Token in valid [503] during [GET] to [http://IDENTITY-SERVICE/compliance/identity/usersStatus] [SchoolClient#getUsers()]: [Load balancer does not contain an instance for the service IDENTITY-SERVICE]
26-04-22 17:29:10 [http-nio-8086-exec-10] ERROR c.e.c.exception.GlobalExceptional - Token in valid [403] during [GET] to [http://IDENTITY-SERVICE/compliance/identity/usersStatus] [SchoolClient#getUsers()]: [{"success":false,"message":"Access denied","data":null}]
26-04-22 17:29:15 [http-nio-8086-exec-1] ERROR c.e.c.exception.GlobalExceptional - Token in valid [403] during [GET] to [http://IDENTITY-SERVICE/compliance/identity/usersStatus] [SchoolClient#getUsers()]: [{"success":false,"message":"Access denied","data":null}]
26-04-22 17:30:21 [http-nio-8086-exec-4] ERROR c.e.c.exception.GlobalExceptional - Token in valid [503] during [GET] to [http://IDENTITY-SERVICE/compliance/identity/usersStatus] [SchoolClient#getUsers()]: [Load balancer does not contain an instance for the service IDENTITY-SERVICE]
26-04-22 17:30:23 [http-nio-8086-exec-3] ERROR c.e.c.exception.GlobalExceptional - Token in valid [503] during [GET] to [http://IDENTITY-SERVICE/compliance/identity/usersStatus] [SchoolClient#getUsers()]: [Load balancer does not contain an instance for the service IDENTITY-SERVICE]
26-04-22 17:30:24 [http-nio-8086-exec-5] ERROR c.e.c.exception.GlobalExceptional - Token in valid [503] during [GET] to [http://IDENTITY-SERVICE/compliance/identity/usersStatus] [SchoolClient#getUsers()]: [Load balancer does not contain an instance for the service IDENTITY-SERVICE]
26-04-22 17:30:25 [http-nio-8086-exec-6] ERROR c.e.c.exception.GlobalExceptional - Token in valid [503] during [GET] to [http://IDENTITY-SERVICE/compliance/identity/usersStatus] [SchoolClient#getUsers()]: [Load balancer does not contain an instance for the service IDENTITY-SERVICE]
26-04-22 17:30:26 [http-nio-8086-exec-7] ERROR c.e.c.exception.GlobalExceptional - Token in valid [503] during [GET] to [http://IDENTITY-SERVICE/compliance/identity/usersStatus] [SchoolClient#getUsers()]: [Load balancer does not contain an instance for the service IDENTITY-SERVICE]
26-04-22 17:30:28 [http-nio-8086-exec-8] ERROR c.e.c.exception.GlobalExceptional - Token in valid [503] during [GET] to [http://IDENTITY-SERVICE/compliance/identity/usersStatus] [SchoolClient#getUsers()]: [Load balancer does not contain an instance for the service IDENTITY-SERVICE]
26-04-22 17:30:29 [http-nio-8086-exec-9] ERROR c.e.c.exception.GlobalExceptional - Token in valid [503] during [GET] to [http://IDENTITY-SERVICE/compliance/identity/usersStatus] [SchoolClient#getUsers()]: [Load balancer does not contain an instance for the service IDENTITY-SERVICE]
26-04-22 17:30:41 [http-nio-8086-exec-10] ERROR c.e.c.exception.GlobalExceptional - Token in valid [403] during [GET] to [http://IDENTITY-SERVICE/compliance/identity/usersStatus] [SchoolClient#getUsers()]: [{"success":false,"message":"Access denied","data":null}]
26-04-22 17:37:42 [http-nio-8086-exec-2] ERROR c.e.c.exception.GlobalExceptional - Token in valid [403] during [GET] to [http://IDENTITY-SERVICE/compliance/identity/usersStatus] [SchoolClient#getUsers()]: [{"success":false,"message":"Access denied","data":null}]
26-04-22 17:41:21 [http-nio-8086-exec-3] ERROR c.e.c.exception.GlobalExceptional - Token in valid [500] during [GET] to [http://IDENTITY-SERVICE/compliance/identity/usersStatus] [SchoolClient#getUsers()]: [{"success":false,"message":"Internal server error: Cannot invoke \"java.lang.Integer.intValue()\" because the return value of \"java.util.Map.get(Object)\" is null","data":null}]
